# JRE version: OpenJDK Runtime Environment Temurin-17.0.6+10 (17.0.6+10) (build 17.0.6+10)
# Java VM: OpenJDK 64-Bit Server VM Temurin-17.0.6+10 (17.0.6+10, mixed mode, emulated-client, tiered, compressed oops, compressed class ptrs, g1 gc, windows-amd64)
GC Precious Log:
 CPUs: 4 total, 4 available
 Memory: 4012M
 Large Page Support: Disabled
 NUMA Support: Disabled
 Compressed Oops: Enabled (32-bit)
 Heap Region Size: 1M
 Heap Min Capacity: 8M
 Heap Initial Capacity: 64M
 Heap Max Capacity: 1G
 Pre-touch: Disabled
 Parallel Workers: 4
 Concurrent Workers: 1
 Concurrent Refinement Workers: 4
 Periodic GC: Disabled
Heap:
 garbage-first heap   total 260096K, used 119138K [0x00000000c0000000, 0x0000000100000000)
  region size 1024K, 8 young (8192K), 8 survivors (8192K)
 Metaspace       used 53475K, committed 53952K, reserved 1097728K
  class space    used 6478K, committed 6720K, reserved 1048576K
GC Heap History (20 events):
Event: 15.268 GC heap after
{Heap after GC invocations=20 (full 0):
 garbage-first heap   total 112640K, used 55323K [0x00000000c0000000, 0x0000000100000000)
  region size 1024K, 5 young (5120K), 5 survivors (5120K)
 Metaspace       used 40818K, committed 41216K, reserved 1089536K
  class space    used 5141K, committed 5312K, reserved 1048576K
}
Event: 16.315 GC heap before
{Heap before GC invocations=20 (full 0):
 garbage-first heap   total 112640K, used 81947K [0x00000000c0000000, 0x0000000100000000)
  region size 1024K, 32 young (32768K), 5 survivors (5120K)
 Metaspace       used 42713K, committed 43136K, reserved 1089536K
  class space    used 5351K, committed 5568K, reserved 1048576K
}
Event: 16.333 GC heap after
{Heap after GC invocations=21 (full 0):
 garbage-first heap   total 112640K, used 62283K [0x00000000c0000000, 0x0000000100000000)
  region size 1024K, 4 young (4096K), 4 survivors (4096K)
 Metaspace       used 42713K, committed 43136K, reserved 1089536K
  class space    used 5351K, committed 5568K, reserved 1048576K
}
Event: 16.996 GC heap before
{Heap before GC invocations=22 (full 0):
 garbage-first heap   total 112640K, used 83787K [0x00000000c0000000, 0x0000000100000000)
  region size 1024K, 26 young (26624K), 4 survivors (4096K)
 Metaspace       used 45184K, committed 45568K, reserved 1089536K
  class space    used 5555K, committed 5696K, reserved 1048576K
}
Event: 17.014 GC heap after
{Heap after GC invocations=23 (full 0):
 garbage-first heap   total 112640K, used 67142K [0x00000000c0000000, 0x0000000100000000)
  region size 1024K, 4 young (4096K), 4 survivors (4096K)
 Metaspace       used 45184K, committed 45568K, reserved 1089536K
  class space    used 5555K, committed 5696K, reserved 1048576K
}
Event: 17.023 GC heap before
{Heap before GC invocations=23 (full 0):
 garbage-first heap   total 112640K, used 68166K [0x00000000c0000000, 0x0000000100000000)
  region size 1024K, 5 young (5120K), 4 survivors (4096K)
 Metaspace       used 45184K, committed 45568K, reserved 1089536K
  class space    used 5555K, committed 5696K, reserved 1048576K
}
Event: 17.033 GC heap after
{Heap after GC invocations=24 (full 0):
 garbage-first heap   total 260096K, used 67574K [0x00000000c0000000, 0x0000000100000000)
  region size 1024K, 1 young (1024K), 1 survivors (1024K)
 Metaspace       used 45184K, committed 45568K, reserved 1089536K
  class space    used 5555K, committed 5696K, reserved 1048576K
}
Event: 17.816 GC heap before
{Heap before GC invocations=24 (full 0):
 garbage-first heap   total 260096K, used 167926K [0x00000000c0000000, 0x0000000100000000)
  region size 1024K, 97 young (99328K), 1 survivors (1024K)
 Metaspace       used 49141K, committed 49664K, reserved 1097728K
  class space    used 6038K, committed 6272K, reserved 1048576K
}
Event: 17.986 GC heap after
{Heap after GC invocations=25 (full 0):
 garbage-first heap   total 260096K, used 96496K [0x00000000c0000000, 0x0000000100000000)
  region size 1024K, 13 young (13312K), 13 survivors (13312K)
 Metaspace       used 49141K, committed 49664K, reserved 1097728K
  class space    used 6038K, committed 6272K, reserved 1048576K
}
Event: 18.880 GC heap before
{Heap before GC invocations=25 (full 0):
 garbage-first heap   total 260096K, used 166128K [0x00000000c0000000, 0x0000000100000000)
  region size 1024K, 82 young (83968K), 13 survivors (13312K)
 Metaspace       used 49986K, committed 50496K, reserved 1097728K
  class space    used 6098K, committed 6336K, reserved 1048576K
}
Event: 18.894 GC heap after
{Heap after GC invocations=26 (full 0):
 garbage-first heap   total 260096K, used 102603K [0x00000000c0000000, 0x0000000100000000)
  region size 1024K, 5 young (5120K), 5 survivors (5120K)
 Metaspace       used 49986K, committed 50496K, reserved 1097728K
  class space    used 6098K, committed 6336K, reserved 1048576K
}
Event: 19.202 GC heap before
{Heap before GC invocations=26 (full 0):
 garbage-first heap   total 260096K, used 173259K [0x00000000c0000000, 0x0000000100000000)
  region size 1024K, 75 young (76800K), 5 survivors (5120K)
 Metaspace       used 51009K, committed 51584K, reserved 1097728K
  class space    used 6189K, committed 6464K, reserved 1048576K
}
Event: 19.207 GC heap after
{Heap after GC invocations=27 (full 0):
 garbage-first heap   total 260096K, used 104385K [0x00000000c0000000, 0x0000000100000000)
  region size 1024K, 7 young (7168K), 7 survivors (7168K)
 Metaspace       used 51009K, committed 51584K, reserved 1097728K
  class space    used 6189K, committed 6464K, reserved 1048576K
}
Event: 19.426 GC heap before
{Heap before GC invocations=27 (full 0):
 garbage-first heap   total 260096K, used 184257K [0x00000000c0000000, 0x0000000100000000)
  region size 1024K, 86 young (88064K), 7 survivors (7168K)
 Metaspace       used 51704K, committed 52224K, reserved 1097728K
  class space    used 6265K, committed 6528K, reserved 1048576K
}
Event: 19.435 GC heap after
{Heap after GC invocations=28 (full 0):
 garbage-first heap   total 260096K, used 108414K [0x00000000c0000000, 0x0000000100000000)
  region size 1024K, 7 young (7168K), 7 survivors (7168K)
 Metaspace       used 51704K, committed 52224K, reserved 1097728K
  class space    used 6265K, committed 6528K, reserved 1048576K
}
Event: 19.594 GC heap before
{Heap before GC invocations=28 (full 0):
 garbage-first heap   total 260096K, used 191358K [0x00000000c0000000, 0x0000000100000000)
  region size 1024K, 89 young (91136K), 7 survivors (7168K)
 Metaspace       used 52169K, committed 52672K, reserved 1097728K
  class space    used 6310K, committed 6528K, reserved 1048576K
}
Event: 19.603 GC heap after
{Heap after GC invocations=29 (full 0):
 garbage-first heap   total 260096K, used 111050K [0x00000000c0000000, 0x0000000100000000)
  region size 1024K, 9 young (9216K), 9 survivors (9216K)
 Metaspace       used 52169K, committed 52672K, reserved 1097728K
  class space    used 6310K, committed 6528K, reserved 1048576K
}
Event: 19.789 GC heap before
{Heap before GC invocations=29 (full 0):
 garbage-first heap   total 260096K, used 198090K [0x00000000c0000000, 0x0000000100000000)
  region size 1024K, 95 young (97280K), 9 survivors (9216K)
 Metaspace       used 52622K, committed 53120K, reserved 1097728K
  class space    used 6380K, committed 6592K, reserved 1048576K
}
Event: 19.800 GC heap after
{Heap after GC invocations=30 (full 0):
 garbage-first heap   total 260096K, used 115342K [0x00000000c0000000, 0x0000000100000000)
  region size 1024K, 11 young (11264K), 11 survivors (11264K)
 Metaspace       used 52622K, committed 53120K, reserved 1097728K
  class space    used 6380K, committed 6592K, reserved 1048576K
}
Event: 20.159 GC heap before
{Heap before GC invocations=30 (full 0):
 garbage-first heap   total 260096K, used 202382K [0x00000000c0000000, 0x0000000100000000)
  region size 1024K, 97 young (99328K), 11 survivors (11264K)
 Metaspace       used 53475K, committed 53952K, reserved 1097728K
  class space    used 6478K, committed 6720K, reserved 1048576K
}

