# JRE version: OpenJDK Runtime Environment Temurin-17.0.6+10 (17.0.6+10) (build 17.0.6+10)
# Java VM: OpenJDK 64-Bit Server VM Temurin-17.0.6+10 (17.0.6+10, mixed mode, emulated-client, tiered, compressed oops, compressed class ptrs, g1 gc, windows-amd64)
GC Precious Log:
 CPUs: 4 total, 4 available
 Memory: 4012M
 Large Page Support: Disabled
 NUMA Support: Disabled
 Compressed Oops: Enabled (32-bit)
 Heap Region Size: 1M
 Heap Min Capacity: 8M
 Heap Initial Capacity: 64M
 Heap Max Capacity: 1G
 Pre-touch: Disabled
 Parallel Workers: 4
 Concurrent Workers: 1
 Concurrent Refinement Workers: 4
 Periodic GC: Disabled
Heap:
 garbage-first heap   total 316416K, used 223594K [0x00000000c0000000, 0x0000000100000000)
  region size 1024K, 115 young (117760K), 12 survivors (12288K)
 Metaspace       used 55348K, committed 55872K, reserved 1097728K
  class space    used 6771K, committed 7040K, reserved 1048576K
GC Heap History (20 events):
Event: 20.061 GC heap before
{Heap before GC invocations=24 (full 0):
 garbage-first heap   total 120832K, used 82148K [0x00000000c0000000, 0x0000000100000000)
  region size 1024K, 37 young (37888K), 5 survivors (5120K)
 Metaspace       used 43546K, committed 43968K, reserved 1089536K
  class space    used 5484K, committed 5696K, reserved 1048576K
}
Event: 20.085 GC heap after
{Heap after GC invocations=25 (full 0):
 garbage-first heap   total 120832K, used 57984K [0x00000000c0000000, 0x0000000100000000)
  region size 1024K, 5 young (5120K), 5 survivors (5120K)
 Metaspace       used 43546K, committed 43968K, reserved 1089536K
  class space    used 5484K, committed 5696K, reserved 1048576K
}
Event: 21.266 GC heap before
{Heap before GC invocations=25 (full 0):
 garbage-first heap   total 120832K, used 85632K [0x00000000c0000000, 0x0000000100000000)
  region size 1024K, 33 young (33792K), 5 survivors (5120K)
 Metaspace       used 45386K, committed 45824K, reserved 1089536K
  class space    used 5658K, committed 5888K, reserved 1048576K
}
Event: 21.282 GC heap after
{Heap after GC invocations=26 (full 0):
 garbage-first heap   total 120832K, used 65834K [0x00000000c0000000, 0x0000000100000000)
  region size 1024K, 5 young (5120K), 5 survivors (5120K)
 Metaspace       used 45386K, committed 45824K, reserved 1089536K
  class space    used 5658K, committed 5888K, reserved 1048576K
}
Event: 21.861 GC heap before
{Heap before GC invocations=26 (full 0):
 garbage-first heap   total 120832K, used 84266K [0x00000000c0000000, 0x0000000100000000)
  region size 1024K, 25 young (25600K), 5 survivors (5120K)
 Metaspace       used 47926K, committed 48384K, reserved 1097728K
  class space    used 5926K, committed 6144K, reserved 1048576K
}
Event: 21.879 GC heap after
{Heap after GC invocations=27 (full 0):
 garbage-first heap   total 120832K, used 69812K [0x00000000c0000000, 0x0000000100000000)
  region size 1024K, 4 young (4096K), 4 survivors (4096K)
 Metaspace       used 47926K, committed 48384K, reserved 1097728K
  class space    used 5926K, committed 6144K, reserved 1048576K
}
Event: 22.217 GC heap before
{Heap before GC invocations=28 (full 0):
 garbage-first heap   total 145408K, used 90292K [0x00000000c0000000, 0x0000000100000000)
  region size 1024K, 24 young (24576K), 4 survivors (4096K)
 Metaspace       used 48954K, committed 49472K, reserved 1097728K
  class space    used 6078K, committed 6272K, reserved 1048576K
}
Event: 22.245 GC heap after
{Heap after GC invocations=29 (full 0):
 garbage-first heap   total 145408K, used 79107K [0x00000000c0000000, 0x0000000100000000)
  region size 1024K, 3 young (3072K), 3 survivors (3072K)
 Metaspace       used 48954K, committed 49472K, reserved 1097728K
  class space    used 6078K, committed 6272K, reserved 1048576K
}
Event: 22.286 GC heap before
{Heap before GC invocations=29 (full 0):
 garbage-first heap   total 145408K, used 84227K [0x00000000c0000000, 0x0000000100000000)
  region size 1024K, 7 young (7168K), 3 survivors (3072K)
 Metaspace       used 48975K, committed 49472K, reserved 1097728K
  class space    used 6081K, committed 6272K, reserved 1048576K
}
Event: 22.302 GC heap after
{Heap after GC invocations=30 (full 0):
 garbage-first heap   total 316416K, used 79872K [0x00000000c0000000, 0x0000000100000000)
  region size 1024K, 1 young (1024K), 1 survivors (1024K)
 Metaspace       used 48975K, committed 49472K, reserved 1097728K
  class space    used 6081K, committed 6272K, reserved 1048576K
}
Event: 23.073 GC heap before
{Heap before GC invocations=30 (full 0):
 garbage-first heap   total 316416K, used 180224K [0x00000000c0000000, 0x0000000100000000)
  region size 1024K, 99 young (101376K), 1 survivors (1024K)
 Metaspace       used 50484K, committed 51072K, reserved 1097728K
  class space    used 6249K, committed 6528K, reserved 1048576K
}
Event: 23.137 GC heap after
{Heap after GC invocations=31 (full 0):
 garbage-first heap   total 316416K, used 96770K [0x00000000c0000000, 0x0000000100000000)
  region size 1024K, 13 young (13312K), 13 survivors (13312K)
 Metaspace       used 50484K, committed 51072K, reserved 1097728K
  class space    used 6249K, committed 6528K, reserved 1048576K
}
Event: 23.632 GC heap before
{Heap before GC invocations=31 (full 0):
 garbage-first heap   total 316416K, used 204290K [0x00000000c0000000, 0x0000000100000000)
  region size 1024K, 119 young (121856K), 13 survivors (13312K)
 Metaspace       used 51703K, committed 52160K, reserved 1097728K
  class space    used 6339K, committed 6528K, reserved 1048576K
}
Event: 23.686 GC heap after
{Heap after GC invocations=32 (full 0):
 garbage-first heap   total 316416K, used 105055K [0x00000000c0000000, 0x0000000100000000)
  region size 1024K, 8 young (8192K), 8 survivors (8192K)
 Metaspace       used 51703K, committed 52160K, reserved 1097728K
  class space    used 6339K, committed 6528K, reserved 1048576K
}
Event: 24.590 GC heap before
{Heap before GC invocations=32 (full 0):
 garbage-first heap   total 316416K, used 223839K [0x00000000c0000000, 0x0000000100000000)
  region size 1024K, 125 young (128000K), 8 survivors (8192K)
 Metaspace       used 53129K, committed 53568K, reserved 1097728K
  class space    used 6472K, committed 6656K, reserved 1048576K
}
Event: 24.602 GC heap after
{Heap after GC invocations=33 (full 0):
 garbage-first heap   total 316416K, used 109228K [0x00000000c0000000, 0x0000000100000000)
  region size 1024K, 12 young (12288K), 12 survivors (12288K)
 Metaspace       used 53129K, committed 53568K, reserved 1097728K
  class space    used 6472K, committed 6656K, reserved 1048576K
}
Event: 25.167 GC heap before
{Heap before GC invocations=33 (full 0):
 garbage-first heap   total 316416K, used 237228K [0x00000000c0000000, 0x0000000100000000)
  region size 1024K, 138 young (141312K), 12 survivors (12288K)
 Metaspace       used 54280K, committed 54784K, reserved 1097728K
  class space    used 6616K, committed 6848K, reserved 1048576K
}
Event: 25.186 GC heap after
{Heap after GC invocations=34 (full 0):
 garbage-first heap   total 316416K, used 114322K [0x00000000c0000000, 0x0000000100000000)
  region size 1024K, 11 young (11264K), 11 survivors (11264K)
 Metaspace       used 54280K, committed 54784K, reserved 1097728K
  class space    used 6616K, committed 6848K, reserved 1048576K
}
Event: 25.596 GC heap before
{Heap before GC invocations=34 (full 0):
 garbage-first heap   total 316416K, used 244370K [0x00000000c0000000, 0x0000000100000000)
  region size 1024K, 139 young (142336K), 11 survivors (11264K)
 Metaspace       used 54946K, committed 55488K, reserved 1097728K
  class space    used 6714K, committed 6976K, reserved 1048576K
}
Event: 25.639 GC heap after
{Heap after GC invocations=35 (full 0):
 garbage-first heap   total 316416K, used 120170K [0x00000000c0000000, 0x0000000100000000)
  region size 1024K, 12 young (12288K), 12 survivors (12288K)
 Metaspace       used 54946K, committed 55488K, reserved 1097728K
  class space    used 6714K, committed 6976K, reserved 1048576K
}

