# JRE version: OpenJDK Runtime Environment Temurin-17.0.6+10 (17.0.6+10) (build 17.0.6+10)
# Java VM: OpenJDK 64-Bit Server VM Temurin-17.0.6+10 (17.0.6+10, mixed mode, emulated-client, tiered, compressed oops, compressed class ptrs, g1 gc, windows-amd64)
GC Precious Log:
 CPUs: 4 total, 4 available
 Memory: 4012M
 Large Page Support: Disabled
 NUMA Support: Disabled
 Compressed Oops: Enabled (32-bit)
 Heap Region Size: 1M
 Heap Min Capacity: 8M
 Heap Initial Capacity: 64M
 Heap Max Capacity: 1G
 Pre-touch: Disabled
 Parallel Workers: 4
 Concurrent Workers: 1
 Concurrent Refinement Workers: 4
 Periodic GC: Disabled
Heap:
 garbage-first heap   total 418816K, used 203653K [0x00000000c0000000, 0x0000000100000000)
  region size 1024K, 5 young (5120K), 5 survivors (5120K)
 Metaspace       used 49938K, committed 50432K, reserved 1097728K
  class space    used 6161K, committed 6400K, reserved 1048576K
GC Heap History (20 events):
Event: 29.784 GC heap after
{Heap after GC invocations=45 (full 0):
 garbage-first heap   total 261120K, used 126252K [0x00000000c0000000, 0x0000000100000000)
  region size 1024K, 6 young (6144K), 6 survivors (6144K)
 Metaspace       used 41344K, committed 41792K, reserved 1089536K
  class space    used 5214K, committed 5440K, reserved 1048576K
}
Event: 30.092 GC heap before
{Heap before GC invocations=45 (full 0):
 garbage-first heap   total 261120K, used 217388K [0x00000000c0000000, 0x0000000100000000)
  region size 1024K, 96 young (98304K), 6 survivors (6144K)
 Metaspace       used 41477K, committed 41920K, reserved 1089536K
  class space    used 5236K, committed 5440K, reserved 1048576K
}
Event: 30.114 GC heap after
{Heap after GC invocations=46 (full 0):
 garbage-first heap   total 261120K, used 129393K [0x00000000c0000000, 0x0000000100000000)
  region size 1024K, 9 young (9216K), 9 survivors (9216K)
 Metaspace       used 41477K, committed 41920K, reserved 1089536K
  class space    used 5236K, committed 5440K, reserved 1048576K
}
Event: 30.297 GC heap before
{Heap before GC invocations=46 (full 0):
 garbage-first heap   total 261120K, used 219505K [0x00000000c0000000, 0x0000000100000000)
  region size 1024K, 98 young (100352K), 9 survivors (9216K)
 Metaspace       used 41558K, committed 42048K, reserved 1089536K
  class space    used 5252K, committed 5504K, reserved 1048576K
}
Event: 30.318 GC heap after
{Heap after GC invocations=47 (full 0):
 garbage-first heap   total 418816K, used 134756K [0x00000000c0000000, 0x0000000100000000)
  region size 1024K, 10 young (10240K), 10 survivors (10240K)
 Metaspace       used 41558K, committed 42048K, reserved 1089536K
  class space    used 5252K, committed 5504K, reserved 1048576K
}
Event: 31.024 GC heap before
{Heap before GC invocations=47 (full 0):
 garbage-first heap   total 418816K, used 334436K [0x00000000c0000000, 0x0000000100000000)
  region size 1024K, 206 young (210944K), 10 survivors (10240K)
 Metaspace       used 41763K, committed 42176K, reserved 1089536K
  class space    used 5299K, committed 5504K, reserved 1048576K
}
Event: 31.139 GC heap after
{Heap after GC invocations=48 (full 0):
 garbage-first heap   total 418816K, used 148532K [0x00000000c0000000, 0x0000000100000000)
  region size 1024K, 23 young (23552K), 23 survivors (23552K)
 Metaspace       used 41763K, committed 42176K, reserved 1089536K
  class space    used 5299K, committed 5504K, reserved 1048576K
}
Event: 32.655 GC heap before
{Heap before GC invocations=48 (full 0):
 garbage-first heap   total 418816K, used 332852K [0x00000000c0000000, 0x0000000100000000)
  region size 1024K, 204 young (208896K), 23 survivors (23552K)
 Metaspace       used 43148K, committed 43584K, reserved 1089536K
  class space    used 5426K, committed 5632K, reserved 1048576K
}
Event: 32.728 GC heap after
{Heap after GC invocations=49 (full 0):
 garbage-first heap   total 418816K, used 158150K [0x00000000c0000000, 0x0000000100000000)
  region size 1024K, 11 young (11264K), 11 survivors (11264K)
 Metaspace       used 43148K, committed 43584K, reserved 1089536K
  class space    used 5426K, committed 5632K, reserved 1048576K
}
Event: 33.420 GC heap before
{Heap before GC invocations=49 (full 0):
 garbage-first heap   total 418816K, used 340422K [0x00000000c0000000, 0x0000000100000000)
  region size 1024K, 189 young (193536K), 11 survivors (11264K)
 Metaspace       used 45162K, committed 45632K, reserved 1089536K
  class space    used 5601K, committed 5824K, reserved 1048576K
}
Event: 33.437 GC heap after
{Heap after GC invocations=50 (full 0):
 garbage-first heap   total 418816K, used 167878K [0x00000000c0000000, 0x0000000100000000)
  region size 1024K, 19 young (19456K), 19 survivors (19456K)
 Metaspace       used 45162K, committed 45632K, reserved 1089536K
  class space    used 5601K, committed 5824K, reserved 1048576K
}
Event: 33.991 GC heap before
{Heap before GC invocations=50 (full 0):
 garbage-first heap   total 418816K, used 345030K [0x00000000c0000000, 0x0000000100000000)
  region size 1024K, 193 young (197632K), 19 survivors (19456K)
 Metaspace       used 47371K, committed 47808K, reserved 1097728K
  class space    used 5836K, committed 6016K, reserved 1048576K
}
Event: 34.025 GC heap after
{Heap after GC invocations=51 (full 0):
 garbage-first heap   total 418816K, used 178238K [0x00000000c0000000, 0x0000000100000000)
  region size 1024K, 20 young (20480K), 20 survivors (20480K)
 Metaspace       used 47371K, committed 47808K, reserved 1097728K
  class space    used 5836K, committed 6016K, reserved 1048576K
}
Event: 34.552 GC heap before
{Heap before GC invocations=51 (full 0):
 garbage-first heap   total 418816K, used 347198K [0x00000000c0000000, 0x0000000100000000)
  region size 1024K, 186 young (190464K), 20 survivors (20480K)
 Metaspace       used 48398K, committed 48832K, reserved 1097728K
  class space    used 5978K, committed 6208K, reserved 1048576K
}
Event: 34.609 GC heap after
{Heap after GC invocations=52 (full 0):
 garbage-first heap   total 418816K, used 186747K [0x00000000c0000000, 0x0000000100000000)
  region size 1024K, 18 young (18432K), 18 survivors (18432K)
 Metaspace       used 48398K, committed 48832K, reserved 1097728K
  class space    used 5978K, committed 6208K, reserved 1048576K
}
Event: 35.140 GC heap before
{Heap before GC invocations=52 (full 0):
 garbage-first heap   total 418816K, used 350587K [0x00000000c0000000, 0x0000000100000000)
  region size 1024K, 179 young (183296K), 18 survivors (18432K)
 Metaspace       used 49790K, committed 50240K, reserved 1097728K
  class space    used 6144K, committed 6336K, reserved 1048576K
}
Event: 35.167 GC heap after
{Heap after GC invocations=53 (full 0):
 garbage-first heap   total 418816K, used 196444K [0x00000000c0000000, 0x0000000100000000)
  region size 1024K, 17 young (17408K), 17 survivors (17408K)
 Metaspace       used 49790K, committed 50240K, reserved 1097728K
  class space    used 6144K, committed 6336K, reserved 1048576K
}
Event: 35.195 GC heap before
{Heap before GC invocations=53 (full 0):
 garbage-first heap   total 418816K, used 241500K [0x00000000c0000000, 0x0000000100000000)
  region size 1024K, 31 young (31744K), 17 survivors (17408K)
 Metaspace       used 49790K, committed 50240K, reserved 1097728K
  class space    used 6144K, committed 6336K, reserved 1048576K
}
Event: 35.215 GC heap after
{Heap after GC invocations=54 (full 0):
 garbage-first heap   total 418816K, used 201642K [0x00000000c0000000, 0x0000000100000000)
  region size 1024K, 12 young (12288K), 12 survivors (12288K)
 Metaspace       used 49790K, committed 50240K, reserved 1097728K
  class space    used 6144K, committed 6336K, reserved 1048576K
}
Event: 35.249 GC heap before
{Heap before GC invocations=54 (full 0):
 garbage-first heap   total 418816K, used 224170K [0x00000000c0000000, 0x0000000100000000)
  region size 1024K, 23 young (23552K), 12 survivors (12288K)
 Metaspace       used 49938K, committed 50432K, reserved 1097728K
  class space    used 6161K, committed 6400K, reserved 1048576K
}

