# JRE version: OpenJDK Runtime Environment Temurin-17.0.6+10 (17.0.6+10) (build 17.0.6+10)
# Java VM: OpenJDK 64-Bit Server VM Temurin-17.0.6+10 (17.0.6+10, mixed mode, emulated-client, tiered, compressed oops, compressed class ptrs, g1 gc, windows-amd64)
GC Precious Log:
 CPUs: 4 total, 4 available
 Memory: 4012M
 Large Page Support: Disabled
 NUMA Support: Disabled
 Compressed Oops: Enabled (32-bit)
 Heap Region Size: 1M
 Heap Min Capacity: 8M
 Heap Initial Capacity: 64M
 Heap Max Capacity: 1G
 Pre-touch: Disabled
 Parallel Workers: 4
 Concurrent Workers: 1
 Concurrent Refinement Workers: 4
 Periodic GC: Disabled
Heap:
 garbage-first heap   total 142336K, used 52791K [0x00000000c0000000, 0x0000000100000000)
  region size 1024K, 1 young (1024K), 0 survivors (0K)
 Metaspace       used 71749K, committed 72256K, reserved 1114112K
  class space    used 9491K, committed 9728K, reserved 1048576K
GC Heap History (20 events):
Event: 1455.362 GC heap before
{Heap before GC invocations=174 (full 79):
 garbage-first heap   total 142336K, used 53799K [0x00000000c0000000, 0x0000000100000000)
  region size 1024K, 2 young (2048K), 0 survivors (0K)
 Metaspace       used 71739K, committed 72256K, reserved 1114112K
  class space    used 9489K, committed 9728K, reserved 1048576K
}
Event: 1455.476 GC heap after
{Heap after GC invocations=175 (full 80):
 garbage-first heap   total 142336K, used 52777K [0x00000000c0000000, 0x0000000100000000)
  region size 1024K, 0 young (0K), 0 survivors (0K)
 Metaspace       used 71739K, committed 72256K, reserved 1114112K
  class space    used 9489K, committed 9728K, reserved 1048576K
}
Event: 1466.265 GC heap before
{Heap before GC invocations=175 (full 80):
 garbage-first heap   total 142336K, used 52777K [0x00000000c0000000, 0x0000000100000000)
  region size 1024K, 1 young (1024K), 0 survivors (0K)
 Metaspace       used 71739K, committed 72256K, reserved 1114112K
  class space    used 9489K, committed 9728K, reserved 1048576K
}
Event: 1466.363 GC heap after
{Heap after GC invocations=176 (full 81):
 garbage-first heap   total 142336K, used 52777K [0x00000000c0000000, 0x0000000100000000)
  region size 1024K, 0 young (0K), 0 survivors (0K)
 Metaspace       used 71739K, committed 72256K, reserved 1114112K
  class space    used 9489K, committed 9728K, reserved 1048576K
}
Event: 1476.679 GC heap before
{Heap before GC invocations=176 (full 81):
 garbage-first heap   total 142336K, used 52777K [0x00000000c0000000, 0x0000000100000000)
  region size 1024K, 1 young (1024K), 0 survivors (0K)
 Metaspace       used 71739K, committed 72256K, reserved 1114112K
  class space    used 9489K, committed 9728K, reserved 1048576K
}
Event: 1476.759 GC heap after
{Heap after GC invocations=177 (full 82):
 garbage-first heap   total 142336K, used 52777K [0x00000000c0000000, 0x0000000100000000)
  region size 1024K, 0 young (0K), 0 survivors (0K)
 Metaspace       used 71739K, committed 72256K, reserved 1114112K
  class space    used 9489K, committed 9728K, reserved 1048576K
}
Event: 1487.143 GC heap before
{Heap before GC invocations=177 (full 82):
 garbage-first heap   total 142336K, used 52777K [0x00000000c0000000, 0x0000000100000000)
  region size 1024K, 1 young (1024K), 0 survivors (0K)
 Metaspace       used 71739K, committed 72256K, reserved 1114112K
  class space    used 9489K, committed 9728K, reserved 1048576K
}
Event: 1487.236 GC heap after
{Heap after GC invocations=178 (full 83):
 garbage-first heap   total 142336K, used 52777K [0x00000000c0000000, 0x0000000100000000)
  region size 1024K, 0 young (0K), 0 survivors (0K)
 Metaspace       used 71739K, committed 72256K, reserved 1114112K
  class space    used 9489K, committed 9728K, reserved 1048576K
}
Event: 1499.224 GC heap before
{Heap before GC invocations=178 (full 83):
 garbage-first heap   total 142336K, used 52777K [0x00000000c0000000, 0x0000000100000000)
  region size 1024K, 1 young (1024K), 0 survivors (0K)
 Metaspace       used 71739K, committed 72256K, reserved 1114112K
  class space    used 9489K, committed 9728K, reserved 1048576K
}
Event: 1499.318 GC heap after
{Heap after GC invocations=179 (full 84):
 garbage-first heap   total 142336K, used 52777K [0x00000000c0000000, 0x0000000100000000)
  region size 1024K, 0 young (0K), 0 survivors (0K)
 Metaspace       used 71739K, committed 72256K, reserved 1114112K
  class space    used 9489K, committed 9728K, reserved 1048576K
}
Event: 1510.460 GC heap before
{Heap before GC invocations=179 (full 84):
 garbage-first heap   total 142336K, used 52777K [0x00000000c0000000, 0x0000000100000000)
  region size 1024K, 1 young (1024K), 0 survivors (0K)
 Metaspace       used 71749K, committed 72256K, reserved 1114112K
  class space    used 9491K, committed 9728K, reserved 1048576K
}
Event: 1510.572 GC heap after
{Heap after GC invocations=180 (full 85):
 garbage-first heap   total 142336K, used 52808K [0x00000000c0000000, 0x0000000100000000)
  region size 1024K, 0 young (0K), 0 survivors (0K)
 Metaspace       used 71749K, committed 72256K, reserved 1114112K
  class space    used 9491K, committed 9728K, reserved 1048576K
}
Event: 1521.030 GC heap before
{Heap before GC invocations=180 (full 85):
 garbage-first heap   total 142336K, used 52808K [0x00000000c0000000, 0x0000000100000000)
  region size 1024K, 1 young (1024K), 0 survivors (0K)
 Metaspace       used 71749K, committed 72256K, reserved 1114112K
  class space    used 9491K, committed 9728K, reserved 1048576K
}
Event: 1521.130 GC heap after
{Heap after GC invocations=181 (full 86):
 garbage-first heap   total 142336K, used 52808K [0x00000000c0000000, 0x0000000100000000)
  region size 1024K, 0 young (0K), 0 survivors (0K)
 Metaspace       used 71749K, committed 72256K, reserved 1114112K
  class space    used 9491K, committed 9728K, reserved 1048576K
}
Event: 1531.588 GC heap before
{Heap before GC invocations=181 (full 86):
 garbage-first heap   total 142336K, used 52808K [0x00000000c0000000, 0x0000000100000000)
  region size 1024K, 1 young (1024K), 0 survivors (0K)
 Metaspace       used 71749K, committed 72256K, reserved 1114112K
  class space    used 9491K, committed 9728K, reserved 1048576K
}
Event: 1531.685 GC heap after
{Heap after GC invocations=182 (full 87):
 garbage-first heap   total 142336K, used 52791K [0x00000000c0000000, 0x0000000100000000)
  region size 1024K, 0 young (0K), 0 survivors (0K)
 Metaspace       used 71749K, committed 72256K, reserved 1114112K
  class space    used 9491K, committed 9728K, reserved 1048576K
}
Event: 1542.159 GC heap before
{Heap before GC invocations=182 (full 87):
 garbage-first heap   total 142336K, used 52791K [0x00000000c0000000, 0x0000000100000000)
  region size 1024K, 1 young (1024K), 0 survivors (0K)
 Metaspace       used 71749K, committed 72256K, reserved 1114112K
  class space    used 9491K, committed 9728K, reserved 1048576K
}
Event: 1542.255 GC heap after
{Heap after GC invocations=183 (full 88):
 garbage-first heap   total 142336K, used 52791K [0x00000000c0000000, 0x0000000100000000)
  region size 1024K, 0 young (0K), 0 survivors (0K)
 Metaspace       used 71749K, committed 72256K, reserved 1114112K
  class space    used 9491K, committed 9728K, reserved 1048576K
}
Event: 1552.660 GC heap before
{Heap before GC invocations=183 (full 88):
 garbage-first heap   total 142336K, used 52791K [0x00000000c0000000, 0x0000000100000000)
  region size 1024K, 1 young (1024K), 0 survivors (0K)
 Metaspace       used 71749K, committed 72256K, reserved 1114112K
  class space    used 9491K, committed 9728K, reserved 1048576K
}
Event: 1552.751 GC heap after
{Heap after GC invocations=184 (full 89):
 garbage-first heap   total 142336K, used 52791K [0x00000000c0000000, 0x0000000100000000)
  region size 1024K, 0 young (0K), 0 survivors (0K)
 Metaspace       used 71749K, committed 72256K, reserved 1114112K
  class space    used 9491K, committed 9728K, reserved 1048576K
}

