# JRE version: OpenJDK Runtime Environment Temurin-17.0.6+10 (17.0.6+10) (build 17.0.6+10)
# Java VM: OpenJDK 64-Bit Server VM Temurin-17.0.6+10 (17.0.6+10, mixed mode, emulated-client, tiered, compressed oops, compressed class ptrs, g1 gc, windows-amd64)
GC Precious Log:
 CPUs: 4 total, 4 available
 Memory: 4012M
 Large Page Support: Disabled
 NUMA Support: Disabled
 Compressed Oops: Enabled (32-bit)
 Heap Region Size: 1M
 Heap Min Capacity: 8M
 Heap Initial Capacity: 64M
 Heap Max Capacity: 1G
 Pre-touch: Disabled
 Parallel Workers: 4
 Concurrent Workers: 1
 Concurrent Refinement Workers: 4
 Periodic GC: Disabled
Heap:
 garbage-first heap   total 160768K, used 47860K [0x00000000c0000000, 0x0000000100000000)
  region size 1024K, 1 young (1024K), 0 survivors (0K)
 Metaspace       used 69441K, committed 70336K, reserved 1114112K
  class space    used 9136K, committed 9472K, reserved 1048576K
GC Heap History (20 events):
Event: 492.925 GC heap before
{Heap before GC invocations=112 (full 28):
 garbage-first heap   total 160768K, used 47860K [0x00000000c0000000, 0x0000000100000000)
  region size 1024K, 1 young (1024K), 0 survivors (0K)
 Metaspace       used 69441K, committed 70336K, reserved 1114112K
  class space    used 9136K, committed 9472K, reserved 1048576K
}
Event: 493.018 GC heap after
{Heap after GC invocations=113 (full 29):
 garbage-first heap   total 160768K, used 47860K [0x00000000c0000000, 0x0000000100000000)
  region size 1024K, 0 young (0K), 0 survivors (0K)
 Metaspace       used 69441K, committed 70336K, reserved 1114112K
  class space    used 9136K, committed 9472K, reserved 1048576K
}
Event: 503.608 GC heap before
{Heap before GC invocations=113 (full 29):
 garbage-first heap   total 160768K, used 47860K [0x00000000c0000000, 0x0000000100000000)
  region size 1024K, 1 young (1024K), 0 survivors (0K)
 Metaspace       used 69441K, committed 70336K, reserved 1114112K
  class space    used 9136K, committed 9472K, reserved 1048576K
}
Event: 503.691 GC heap after
{Heap after GC invocations=114 (full 30):
 garbage-first heap   total 160768K, used 47860K [0x00000000c0000000, 0x0000000100000000)
  region size 1024K, 0 young (0K), 0 survivors (0K)
 Metaspace       used 69441K, committed 70336K, reserved 1114112K
  class space    used 9136K, committed 9472K, reserved 1048576K
}
Event: 514.214 GC heap before
{Heap before GC invocations=114 (full 30):
 garbage-first heap   total 160768K, used 47860K [0x00000000c0000000, 0x0000000100000000)
  region size 1024K, 1 young (1024K), 0 survivors (0K)
 Metaspace       used 69441K, committed 70336K, reserved 1114112K
  class space    used 9136K, committed 9472K, reserved 1048576K
}
Event: 514.312 GC heap after
{Heap after GC invocations=115 (full 31):
 garbage-first heap   total 160768K, used 47860K [0x00000000c0000000, 0x0000000100000000)
  region size 1024K, 0 young (0K), 0 survivors (0K)
 Metaspace       used 69441K, committed 70336K, reserved 1114112K
  class space    used 9136K, committed 9472K, reserved 1048576K
}
Event: 524.802 GC heap before
{Heap before GC invocations=115 (full 31):
 garbage-first heap   total 160768K, used 47860K [0x00000000c0000000, 0x0000000100000000)
  region size 1024K, 1 young (1024K), 0 survivors (0K)
 Metaspace       used 69441K, committed 70336K, reserved 1114112K
  class space    used 9136K, committed 9472K, reserved 1048576K
}
Event: 524.878 GC heap after
{Heap after GC invocations=116 (full 32):
 garbage-first heap   total 160768K, used 47860K [0x00000000c0000000, 0x0000000100000000)
  region size 1024K, 0 young (0K), 0 survivors (0K)
 Metaspace       used 69441K, committed 70336K, reserved 1114112K
  class space    used 9136K, committed 9472K, reserved 1048576K
}
Event: 535.580 GC heap before
{Heap before GC invocations=116 (full 32):
 garbage-first heap   total 160768K, used 47860K [0x00000000c0000000, 0x0000000100000000)
  region size 1024K, 1 young (1024K), 0 survivors (0K)
 Metaspace       used 69441K, committed 70336K, reserved 1114112K
  class space    used 9136K, committed 9472K, reserved 1048576K
}
Event: 535.672 GC heap after
{Heap after GC invocations=117 (full 33):
 garbage-first heap   total 160768K, used 47860K [0x00000000c0000000, 0x0000000100000000)
  region size 1024K, 0 young (0K), 0 survivors (0K)
 Metaspace       used 69441K, committed 70336K, reserved 1114112K
  class space    used 9136K, committed 9472K, reserved 1048576K
}
Event: 550.259 GC heap before
{Heap before GC invocations=117 (full 33):
 garbage-first heap   total 160768K, used 47860K [0x00000000c0000000, 0x0000000100000000)
  region size 1024K, 1 young (1024K), 0 survivors (0K)
 Metaspace       used 69441K, committed 70336K, reserved 1114112K
  class space    used 9136K, committed 9472K, reserved 1048576K
}
Event: 550.355 GC heap after
{Heap after GC invocations=118 (full 34):
 garbage-first heap   total 160768K, used 47860K [0x00000000c0000000, 0x0000000100000000)
  region size 1024K, 0 young (0K), 0 survivors (0K)
 Metaspace       used 69441K, committed 70336K, reserved 1114112K
  class space    used 9136K, committed 9472K, reserved 1048576K
}
Event: 561.524 GC heap before
{Heap before GC invocations=118 (full 34):
 garbage-first heap   total 160768K, used 47860K [0x00000000c0000000, 0x0000000100000000)
  region size 1024K, 1 young (1024K), 0 survivors (0K)
 Metaspace       used 69441K, committed 70336K, reserved 1114112K
  class space    used 9136K, committed 9472K, reserved 1048576K
}
Event: 561.614 GC heap after
{Heap after GC invocations=119 (full 35):
 garbage-first heap   total 160768K, used 47860K [0x00000000c0000000, 0x0000000100000000)
  region size 1024K, 0 young (0K), 0 survivors (0K)
 Metaspace       used 69441K, committed 70336K, reserved 1114112K
  class space    used 9136K, committed 9472K, reserved 1048576K
}
Event: 572.659 GC heap before
{Heap before GC invocations=119 (full 35):
 garbage-first heap   total 160768K, used 47860K [0x00000000c0000000, 0x0000000100000000)
  region size 1024K, 1 young (1024K), 0 survivors (0K)
 Metaspace       used 69441K, committed 70336K, reserved 1114112K
  class space    used 9136K, committed 9472K, reserved 1048576K
}
Event: 572.752 GC heap after
{Heap after GC invocations=120 (full 36):
 garbage-first heap   total 160768K, used 47860K [0x00000000c0000000, 0x0000000100000000)
  region size 1024K, 0 young (0K), 0 survivors (0K)
 Metaspace       used 69441K, committed 70336K, reserved 1114112K
  class space    used 9136K, committed 9472K, reserved 1048576K
}
Event: 584.297 GC heap before
{Heap before GC invocations=120 (full 36):
 garbage-first heap   total 160768K, used 47860K [0x00000000c0000000, 0x0000000100000000)
  region size 1024K, 1 young (1024K), 0 survivors (0K)
 Metaspace       used 69441K, committed 70336K, reserved 1114112K
  class space    used 9136K, committed 9472K, reserved 1048576K
}
Event: 584.386 GC heap after
{Heap after GC invocations=121 (full 37):
 garbage-first heap   total 160768K, used 47860K [0x00000000c0000000, 0x0000000100000000)
  region size 1024K, 0 young (0K), 0 survivors (0K)
 Metaspace       used 69441K, committed 70336K, reserved 1114112K
  class space    used 9136K, committed 9472K, reserved 1048576K
}
Event: 595.074 GC heap before
{Heap before GC invocations=121 (full 37):
 garbage-first heap   total 160768K, used 47860K [0x00000000c0000000, 0x0000000100000000)
  region size 1024K, 1 young (1024K), 0 survivors (0K)
 Metaspace       used 69441K, committed 70336K, reserved 1114112K
  class space    used 9136K, committed 9472K, reserved 1048576K
}
Event: 595.175 GC heap after
{Heap after GC invocations=122 (full 38):
 garbage-first heap   total 160768K, used 47860K [0x00000000c0000000, 0x0000000100000000)
  region size 1024K, 0 young (0K), 0 survivors (0K)
 Metaspace       used 69441K, committed 70336K, reserved 1114112K
  class space    used 9136K, committed 9472K, reserved 1048576K
}

