# JRE version: OpenJDK Runtime Environment Temurin-17.0.6+10 (17.0.6+10) (build 17.0.6+10)
# Java VM: OpenJDK 64-Bit Server VM Temurin-17.0.6+10 (17.0.6+10, mixed mode, emulated-client, tiered, compressed oops, compressed class ptrs, g1 gc, windows-amd64)
GC Precious Log:
 CPUs: 4 total, 4 available
 Memory: 4012M
 Large Page Support: Disabled
 NUMA Support: Disabled
 Compressed Oops: Enabled (32-bit)
 Heap Region Size: 1M
 Heap Min Capacity: 8M
 Heap Initial Capacity: 64M
 Heap Max Capacity: 1G
 Pre-touch: Disabled
 Parallel Workers: 4
 Concurrent Workers: 1
 Concurrent Refinement Workers: 4
 Periodic GC: Disabled
Heap:
 garbage-first heap   total 116736K, used 62211K [0x00000000c0000000, 0x0000000100000000)
  region size 1024K, 5 young (5120K), 5 survivors (5120K)
 Metaspace       used 43874K, committed 44352K, reserved 1089536K
  class space    used 5439K, committed 5632K, reserved 1048576K
GC Heap History (20 events):
Event: 2.956 GC heap after
{Heap after GC invocations=7 (full 0):
 garbage-first heap   total 58368K, used 15561K [0x00000000c0000000, 0x0000000100000000)
  region size 1024K, 1 young (1024K), 1 survivors (1024K)
 Metaspace       used 26792K, committed 27008K, reserved 1073152K
  class space    used 3131K, committed 3264K, reserved 1048576K
}
Event: 3.577 GC heap before
{Heap before GC invocations=7 (full 0):
 garbage-first heap   total 58368K, used 37065K [0x00000000c0000000, 0x0000000100000000)
  region size 1024K, 22 young (22528K), 1 survivors (1024K)
 Metaspace       used 29592K, committed 29888K, reserved 1081344K
  class space    used 3495K, committed 3648K, reserved 1048576K
}
Event: 3.582 GC heap after
{Heap after GC invocations=8 (full 0):
 garbage-first heap   total 58368K, used 16946K [0x00000000c0000000, 0x0000000100000000)
  region size 1024K, 2 young (2048K), 2 survivors (2048K)
 Metaspace       used 29592K, committed 29888K, reserved 1081344K
  class space    used 3495K, committed 3648K, reserved 1048576K
}
Event: 4.273 GC heap before
{Heap before GC invocations=8 (full 0):
 garbage-first heap   total 58368K, used 39474K [0x00000000c0000000, 0x0000000100000000)
  region size 1024K, 24 young (24576K), 2 survivors (2048K)
 Metaspace       used 33305K, committed 33664K, reserved 1081344K
  class space    used 4019K, committed 4160K, reserved 1048576K
}
Event: 4.284 GC heap after
{Heap after GC invocations=9 (full 0):
 garbage-first heap   total 58368K, used 19158K [0x00000000c0000000, 0x0000000100000000)
  region size 1024K, 3 young (3072K), 3 survivors (3072K)
 Metaspace       used 33305K, committed 33664K, reserved 1081344K
  class space    used 4019K, committed 4160K, reserved 1048576K
}
Event: 4.688 GC heap before
{Heap before GC invocations=9 (full 0):
 garbage-first heap   total 58368K, used 34518K [0x00000000c0000000, 0x0000000100000000)
  region size 1024K, 19 young (19456K), 3 survivors (3072K)
 Metaspace       used 35770K, committed 36096K, reserved 1081344K
  class space    used 4334K, committed 4480K, reserved 1048576K
}
Event: 4.698 GC heap after
{Heap after GC invocations=10 (full 0):
 garbage-first heap   total 58368K, used 20415K [0x00000000c0000000, 0x0000000100000000)
  region size 1024K, 2 young (2048K), 2 survivors (2048K)
 Metaspace       used 35770K, committed 36096K, reserved 1081344K
  class space    used 4334K, committed 4480K, reserved 1048576K
}
Event: 5.453 GC heap before
{Heap before GC invocations=11 (full 0):
 garbage-first heap   total 58368K, used 40895K [0x00000000c0000000, 0x0000000100000000)
  region size 1024K, 22 young (22528K), 2 survivors (2048K)
 Metaspace       used 39376K, committed 39744K, reserved 1089536K
  class space    used 4903K, committed 5056K, reserved 1048576K
}
Event: 5.461 GC heap after
{Heap after GC invocations=12 (full 0):
 garbage-first heap   total 58368K, used 22373K [0x00000000c0000000, 0x0000000100000000)
  region size 1024K, 2 young (2048K), 2 survivors (2048K)
 Metaspace       used 39376K, committed 39744K, reserved 1089536K
  class space    used 4903K, committed 5056K, reserved 1048576K
}
Event: 5.481 GC heap before
{Heap before GC invocations=12 (full 0):
 garbage-first heap   total 58368K, used 23397K [0x00000000c0000000, 0x0000000100000000)
  region size 1024K, 3 young (3072K), 2 survivors (2048K)
 Metaspace       used 39577K, committed 40000K, reserved 1089536K
  class space    used 4931K, committed 5120K, reserved 1048576K
}
Event: 5.487 GC heap after
{Heap after GC invocations=13 (full 0):
 garbage-first heap   total 58368K, used 22453K [0x00000000c0000000, 0x0000000100000000)
  region size 1024K, 1 young (1024K), 1 survivors (1024K)
 Metaspace       used 39577K, committed 40000K, reserved 1089536K
  class space    used 4931K, committed 5120K, reserved 1048576K
}
Event: 6.030 GC heap before
{Heap before GC invocations=13 (full 0):
 garbage-first heap   total 58368K, used 43957K [0x00000000c0000000, 0x0000000100000000)
  region size 1024K, 20 young (20480K), 1 survivors (1024K)
 Metaspace       used 40989K, committed 41408K, reserved 1089536K
  class space    used 5153K, committed 5312K, reserved 1048576K
}
Event: 6.041 GC heap after
{Heap after GC invocations=14 (full 0):
 garbage-first heap   total 116736K, used 26584K [0x00000000c0000000, 0x0000000100000000)
  region size 1024K, 3 young (3072K), 3 survivors (3072K)
 Metaspace       used 40989K, committed 41408K, reserved 1089536K
  class space    used 5153K, committed 5312K, reserved 1048576K
}
Event: 6.897 GC heap before
{Heap before GC invocations=14 (full 0):
 garbage-first heap   total 116736K, used 80856K [0x00000000c0000000, 0x0000000100000000)
  region size 1024K, 57 young (58368K), 3 survivors (3072K)
 Metaspace       used 42105K, committed 42560K, reserved 1089536K
  class space    used 5300K, committed 5504K, reserved 1048576K
}
Event: 6.931 GC heap after
{Heap after GC invocations=15 (full 0):
 garbage-first heap   total 116736K, used 36486K [0x00000000c0000000, 0x0000000100000000)
  region size 1024K, 8 young (8192K), 8 survivors (8192K)
 Metaspace       used 42105K, committed 42560K, reserved 1089536K
  class space    used 5300K, committed 5504K, reserved 1048576K
}
Event: 7.317 GC heap before
{Heap before GC invocations=15 (full 0):
 garbage-first heap   total 116736K, used 76422K [0x00000000c0000000, 0x0000000100000000)
  region size 1024K, 48 young (49152K), 8 survivors (8192K)
 Metaspace       used 42830K, committed 43264K, reserved 1089536K
  class space    used 5381K, committed 5632K, reserved 1048576K
}
Event: 7.339 GC heap after
{Heap after GC invocations=16 (full 0):
 garbage-first heap   total 116736K, used 43350K [0x00000000c0000000, 0x0000000100000000)
  region size 1024K, 6 young (6144K), 6 survivors (6144K)
 Metaspace       used 42830K, committed 43264K, reserved 1089536K
  class space    used 5381K, committed 5632K, reserved 1048576K
}
Event: 7.555 GC heap before
{Heap before GC invocations=16 (full 0):
 garbage-first heap   total 116736K, used 81238K [0x00000000c0000000, 0x0000000100000000)
  region size 1024K, 44 young (45056K), 6 survivors (6144K)
 Metaspace       used 43427K, committed 43904K, reserved 1089536K
  class space    used 5411K, committed 5632K, reserved 1048576K
}
Event: 7.582 GC heap after
{Heap after GC invocations=17 (full 0):
 garbage-first heap   total 116736K, used 52906K [0x00000000c0000000, 0x0000000100000000)
  region size 1024K, 6 young (6144K), 6 survivors (6144K)
 Metaspace       used 43427K, committed 43904K, reserved 1089536K
  class space    used 5411K, committed 5632K, reserved 1048576K
}
Event: 8.272 GC heap before
{Heap before GC invocations=17 (full 0):
 garbage-first heap   total 116736K, used 84650K [0x00000000c0000000, 0x0000000100000000)
  region size 1024K, 38 young (38912K), 6 survivors (6144K)
 Metaspace       used 43874K, committed 44352K, reserved 1089536K
  class space    used 5439K, committed 5632K, reserved 1048576K
}

