# JRE version: OpenJDK Runtime Environment Temurin-17.0.6+10 (17.0.6+10) (build 17.0.6+10)
# Java VM: OpenJDK 64-Bit Server VM Temurin-17.0.6+10 (17.0.6+10, mixed mode, emulated-client, tiered, compressed oops, compressed class ptrs, g1 gc, windows-amd64)
GC Precious Log:
 CPUs: 4 total, 4 available
 Memory: 4012M
 Large Page Support: Disabled
 NUMA Support: Disabled
 Compressed Oops: Enabled (32-bit)
 Heap Region Size: 1M
 Heap Min Capacity: 8M
 Heap Initial Capacity: 64M
 Heap Max Capacity: 1G
 Pre-touch: Disabled
 Parallel Workers: 4
 Concurrent Workers: 1
 Concurrent Refinement Workers: 4
 Periodic GC: Disabled
Heap:
 garbage-first heap   total 114688K, used 63866K [0x00000000c0000000, 0x0000000100000000)
  region size 1024K, 3 young (3072K), 3 survivors (3072K)
 Metaspace       used 44994K, committed 45440K, reserved 1089536K
  class space    used 5587K, committed 5760K, reserved 1048576K
GC Heap History (20 events):
Event: 9.310 GC heap after
{Heap after GC invocations=13 (full 0):
 garbage-first heap   total 75776K, used 31999K [0x00000000c0000000, 0x0000000100000000)
  region size 1024K, 5 young (5120K), 5 survivors (5120K)
 Metaspace       used 41089K, committed 41536K, reserved 1089536K
  class space    used 5181K, committed 5376K, reserved 1048576K
}
Event: 9.601 GC heap before
{Heap before GC invocations=13 (full 0):
 garbage-first heap   total 75776K, used 54527K [0x00000000c0000000, 0x0000000100000000)
  region size 1024K, 28 young (28672K), 5 survivors (5120K)
 Metaspace       used 41643K, committed 42112K, reserved 1089536K
  class space    used 5243K, committed 5440K, reserved 1048576K
}
Event: 9.614 GC heap after
{Heap after GC invocations=14 (full 0):
 garbage-first heap   total 75776K, used 36995K [0x00000000c0000000, 0x0000000100000000)
  region size 1024K, 4 young (4096K), 4 survivors (4096K)
 Metaspace       used 41643K, committed 42112K, reserved 1089536K
  class space    used 5243K, committed 5440K, reserved 1048576K
}
Event: 9.989 GC heap before
{Heap before GC invocations=14 (full 0):
 garbage-first heap   total 75776K, used 55427K [0x00000000c0000000, 0x0000000100000000)
  region size 1024K, 23 young (23552K), 4 survivors (4096K)
 Metaspace       used 42161K, committed 42624K, reserved 1089536K
  class space    used 5320K, committed 5568K, reserved 1048576K
}
Event: 10.002 GC heap after
{Heap after GC invocations=15 (full 0):
 garbage-first heap   total 75776K, used 40292K [0x00000000c0000000, 0x0000000100000000)
  region size 1024K, 3 young (3072K), 3 survivors (3072K)
 Metaspace       used 42161K, committed 42624K, reserved 1089536K
  class space    used 5320K, committed 5568K, reserved 1048576K
}
Event: 10.112 GC heap before
{Heap before GC invocations=15 (full 0):
 garbage-first heap   total 75776K, used 57700K [0x00000000c0000000, 0x0000000100000000)
  region size 1024K, 20 young (20480K), 3 survivors (3072K)
 Metaspace       used 42318K, committed 42752K, reserved 1089536K
  class space    used 5333K, committed 5568K, reserved 1048576K
}
Event: 10.121 GC heap after
{Heap after GC invocations=16 (full 0):
 garbage-first heap   total 75776K, used 43567K [0x00000000c0000000, 0x0000000100000000)
  region size 1024K, 3 young (3072K), 3 survivors (3072K)
 Metaspace       used 42318K, committed 42752K, reserved 1089536K
  class space    used 5333K, committed 5568K, reserved 1048576K
}
Event: 10.204 GC heap before
{Heap before GC invocations=16 (full 0):
 garbage-first heap   total 75776K, used 57903K [0x00000000c0000000, 0x0000000100000000)
  region size 1024K, 17 young (17408K), 3 survivors (3072K)
 Metaspace       used 42468K, committed 42944K, reserved 1089536K
  class space    used 5350K, committed 5568K, reserved 1048576K
}
Event: 10.212 GC heap after
{Heap after GC invocations=17 (full 0):
 garbage-first heap   total 110592K, used 46315K [0x00000000c0000000, 0x0000000100000000)
  region size 1024K, 3 young (3072K), 3 survivors (3072K)
 Metaspace       used 42468K, committed 42944K, reserved 1089536K
  class space    used 5350K, committed 5568K, reserved 1048576K
}
Event: 10.604 GC heap before
{Heap before GC invocations=18 (full 0):
 garbage-first heap   total 110592K, used 80107K [0x00000000c0000000, 0x0000000100000000)
  region size 1024K, 37 young (37888K), 3 survivors (3072K)
 Metaspace       used 42815K, committed 43328K, reserved 1089536K
  class space    used 5395K, committed 5632K, reserved 1048576K
}
Event: 10.627 GC heap after
{Heap after GC invocations=19 (full 0):
 garbage-first heap   total 110592K, used 55479K [0x00000000c0000000, 0x0000000100000000)
  region size 1024K, 5 young (5120K), 5 survivors (5120K)
 Metaspace       used 42815K, committed 43328K, reserved 1089536K
  class space    used 5395K, committed 5632K, reserved 1048576K
}
Event: 10.658 GC heap before
{Heap before GC invocations=19 (full 0):
 garbage-first heap   total 110592K, used 56503K [0x00000000c0000000, 0x0000000100000000)
  region size 1024K, 6 young (6144K), 5 survivors (5120K)
 Metaspace       used 42815K, committed 43328K, reserved 1089536K
  class space    used 5395K, committed 5632K, reserved 1048576K
}
Event: 10.672 GC heap after
{Heap after GC invocations=20 (full 0):
 garbage-first heap   total 110592K, used 56764K [0x00000000c0000000, 0x0000000100000000)
  region size 1024K, 1 young (1024K), 1 survivors (1024K)
 Metaspace       used 42815K, committed 43328K, reserved 1089536K
  class space    used 5395K, committed 5632K, reserved 1048576K
}
Event: 11.133 GC heap before
{Heap before GC invocations=20 (full 0):
 garbage-first heap   total 110592K, used 67004K [0x00000000c0000000, 0x0000000100000000)
  region size 1024K, 13 young (13312K), 1 survivors (1024K)
 Metaspace       used 43517K, committed 43968K, reserved 1089536K
  class space    used 5447K, committed 5632K, reserved 1048576K
}
Event: 11.142 GC heap after
{Heap after GC invocations=21 (full 0):
 garbage-first heap   total 110592K, used 60659K [0x00000000c0000000, 0x0000000100000000)
  region size 1024K, 4 young (4096K), 4 survivors (4096K)
 Metaspace       used 43517K, committed 43968K, reserved 1089536K
  class space    used 5447K, committed 5632K, reserved 1048576K
}
Event: 11.885 GC heap before
{Heap before GC invocations=22 (full 0):
 garbage-first heap   total 114688K, used 85235K [0x00000000c0000000, 0x0000000100000000)
  region size 1024K, 24 young (24576K), 4 survivors (4096K)
 Metaspace       used 44126K, committed 44608K, reserved 1089536K
  class space    used 5479K, committed 5696K, reserved 1048576K
}
Event: 11.899 GC heap after
{Heap after GC invocations=23 (full 0):
 garbage-first heap   total 114688K, used 62217K [0x00000000c0000000, 0x0000000100000000)
  region size 1024K, 3 young (3072K), 3 survivors (3072K)
 Metaspace       used 44126K, committed 44608K, reserved 1089536K
  class space    used 5479K, committed 5696K, reserved 1048576K
}
Event: 11.962 GC heap before
{Heap before GC invocations=23 (full 0):
 garbage-first heap   total 114688K, used 63241K [0x00000000c0000000, 0x0000000100000000)
  region size 1024K, 5 young (5120K), 3 survivors (3072K)
 Metaspace       used 44165K, committed 44608K, reserved 1089536K
  class space    used 5482K, committed 5696K, reserved 1048576K
}
Event: 11.968 GC heap after
{Heap after GC invocations=24 (full 0):
 garbage-first heap   total 114688K, used 61867K [0x00000000c0000000, 0x0000000100000000)
  region size 1024K, 1 young (1024K), 1 survivors (1024K)
 Metaspace       used 44165K, committed 44608K, reserved 1089536K
  class space    used 5482K, committed 5696K, reserved 1048576K
}
Event: 15.569 GC heap before
{Heap before GC invocations=24 (full 0):
 garbage-first heap   total 114688K, used 83371K [0x00000000c0000000, 0x0000000100000000)
  region size 1024K, 23 young (23552K), 1 survivors (1024K)
 Metaspace       used 44994K, committed 45440K, reserved 1089536K
  class space    used 5587K, committed 5760K, reserved 1048576K
}

