# JRE version: OpenJDK Runtime Environment Temurin-17.0.6+10 (17.0.6+10) (build 17.0.6+10)
# Java VM: OpenJDK 64-Bit Server VM Temurin-17.0.6+10 (17.0.6+10, mixed mode, emulated-client, tiered, compressed oops, compressed class ptrs, g1 gc, windows-amd64)
GC Precious Log:
 CPUs: 4 total, 4 available
 Memory: 4012M
 Large Page Support: Disabled
 NUMA Support: Disabled
 Compressed Oops: Enabled (32-bit)
 Heap Region Size: 1M
 Heap Min Capacity: 8M
 Heap Initial Capacity: 64M
 Heap Max Capacity: 1G
 Pre-touch: Disabled
 Parallel Workers: 4
 Concurrent Workers: 1
 Concurrent Refinement Workers: 4
 Periodic GC: Disabled
Heap:
 garbage-first heap   total 88064K, used 48404K [0x00000000c0000000, 0x0000000100000000)
  region size 1024K, 4 young (4096K), 4 survivors (4096K)
 Metaspace       used 41371K, committed 41856K, reserved 1089536K
  class space    used 5219K, committed 5440K, reserved 1048576K
GC Heap History (20 events):
Event: 5.646 GC heap after
{Heap after GC invocations=7 (full 0):
 garbage-first heap   total 51200K, used 15491K [0x00000000c0000000, 0x0000000100000000)
  region size 1024K, 3 young (3072K), 3 survivors (3072K)
 Metaspace       used 27862K, committed 28096K, reserved 1081344K
  class space    used 3277K, committed 3392K, reserved 1048576K
}
Event: 5.687 GC heap before
{Heap before GC invocations=7 (full 0):
 garbage-first heap   total 51200K, used 15491K [0x00000000c0000000, 0x0000000100000000)
  region size 1024K, 4 young (4096K), 3 survivors (3072K)
 Metaspace       used 28066K, committed 28352K, reserved 1081344K
  class space    used 3303K, committed 3456K, reserved 1048576K
}
Event: 5.699 GC heap after
{Heap after GC invocations=8 (full 0):
 garbage-first heap   total 51200K, used 15907K [0x00000000c0000000, 0x0000000100000000)
  region size 1024K, 1 young (1024K), 1 survivors (1024K)
 Metaspace       used 28066K, committed 28352K, reserved 1081344K
  class space    used 3303K, committed 3456K, reserved 1048576K
}
Event: 6.644 GC heap before
{Heap before GC invocations=8 (full 0):
 garbage-first heap   total 51200K, used 33315K [0x00000000c0000000, 0x0000000100000000)
  region size 1024K, 19 young (19456K), 1 survivors (1024K)
 Metaspace       used 30066K, committed 30400K, reserved 1081344K
  class space    used 3556K, committed 3712K, reserved 1048576K
}
Event: 6.650 GC heap after
{Heap after GC invocations=9 (full 0):
 garbage-first heap   total 51200K, used 17042K [0x00000000c0000000, 0x0000000100000000)
  region size 1024K, 2 young (2048K), 2 survivors (2048K)
 Metaspace       used 30066K, committed 30400K, reserved 1081344K
  class space    used 3556K, committed 3712K, reserved 1048576K
}
Event: 7.391 GC heap before
{Heap before GC invocations=9 (full 0):
 garbage-first heap   total 51200K, used 34450K [0x00000000c0000000, 0x0000000100000000)
  region size 1024K, 20 young (20480K), 2 survivors (2048K)
 Metaspace       used 33305K, committed 33664K, reserved 1081344K
  class space    used 4017K, committed 4160K, reserved 1048576K
}
Event: 7.401 GC heap after
{Heap after GC invocations=10 (full 0):
 garbage-first heap   total 51200K, used 18498K [0x00000000c0000000, 0x0000000100000000)
  region size 1024K, 3 young (3072K), 3 survivors (3072K)
 Metaspace       used 33305K, committed 33664K, reserved 1081344K
  class space    used 4017K, committed 4160K, reserved 1048576K
}
Event: 8.126 GC heap before
{Heap before GC invocations=10 (full 0):
 garbage-first heap   total 51200K, used 33858K [0x00000000c0000000, 0x0000000100000000)
  region size 1024K, 20 young (20480K), 3 survivors (3072K)
 Metaspace       used 35839K, committed 36160K, reserved 1081344K
  class space    used 4340K, committed 4480K, reserved 1048576K
}
Event: 8.143 GC heap after
{Heap after GC invocations=11 (full 0):
 garbage-first heap   total 51200K, used 20350K [0x00000000c0000000, 0x0000000100000000)
  region size 1024K, 2 young (2048K), 2 survivors (2048K)
 Metaspace       used 35839K, committed 36160K, reserved 1081344K
  class space    used 4340K, committed 4480K, reserved 1048576K
}
Event: 9.028 GC heap before
{Heap before GC invocations=12 (full 0):
 garbage-first heap   total 51200K, used 36734K [0x00000000c0000000, 0x0000000100000000)
  region size 1024K, 19 young (19456K), 2 survivors (2048K)
 Metaspace       used 38809K, committed 39168K, reserved 1089536K
  class space    used 4813K, committed 4992K, reserved 1048576K
}
Event: 9.039 GC heap after
{Heap after GC invocations=13 (full 0):
 garbage-first heap   total 51200K, used 21999K [0x00000000c0000000, 0x0000000100000000)
  region size 1024K, 2 young (2048K), 2 survivors (2048K)
 Metaspace       used 38809K, committed 39168K, reserved 1089536K
  class space    used 4813K, committed 4992K, reserved 1048576K
}
Event: 9.437 GC heap before
{Heap before GC invocations=13 (full 0):
 garbage-first heap   total 51200K, used 38383K [0x00000000c0000000, 0x0000000100000000)
  region size 1024K, 18 young (18432K), 2 survivors (2048K)
 Metaspace       used 40828K, committed 41216K, reserved 1089536K
  class space    used 5128K, committed 5312K, reserved 1048576K
}
Event: 9.448 GC heap after
{Heap after GC invocations=14 (full 0):
 garbage-first heap   total 88064K, used 24181K [0x00000000c0000000, 0x0000000100000000)
  region size 1024K, 3 young (3072K), 3 survivors (3072K)
 Metaspace       used 40828K, committed 41216K, reserved 1089536K
  class space    used 5128K, committed 5312K, reserved 1048576K
}
Event: 9.944 GC heap before
{Heap before GC invocations=14 (full 0):
 garbage-first heap   total 88064K, used 60021K [0x00000000c0000000, 0x0000000100000000)
  region size 1024K, 39 young (39936K), 3 survivors (3072K)
 Metaspace       used 40829K, committed 41216K, reserved 1089536K
  class space    used 5128K, committed 5312K, reserved 1048576K
}
Event: 9.956 GC heap after
{Heap after GC invocations=15 (full 0):
 garbage-first heap   total 88064K, used 31382K [0x00000000c0000000, 0x0000000100000000)
  region size 1024K, 5 young (5120K), 5 survivors (5120K)
 Metaspace       used 40829K, committed 41216K, reserved 1089536K
  class space    used 5128K, committed 5312K, reserved 1048576K
}
Event: 10.232 GC heap before
{Heap before GC invocations=15 (full 0):
 garbage-first heap   total 88064K, used 63126K [0x00000000c0000000, 0x0000000100000000)
  region size 1024K, 35 young (35840K), 5 survivors (5120K)
 Metaspace       used 41012K, committed 41344K, reserved 1089536K
  class space    used 5159K, committed 5312K, reserved 1048576K
}
Event: 10.247 GC heap after
{Heap after GC invocations=16 (full 0):
 garbage-first heap   total 88064K, used 38751K [0x00000000c0000000, 0x0000000100000000)
  region size 1024K, 5 young (5120K), 5 survivors (5120K)
 Metaspace       used 41012K, committed 41344K, reserved 1089536K
  class space    used 5159K, committed 5312K, reserved 1048576K
}
Event: 10.429 GC heap before
{Heap before GC invocations=16 (full 0):
 garbage-first heap   total 88064K, used 64351K [0x00000000c0000000, 0x0000000100000000)
  region size 1024K, 30 young (30720K), 5 survivors (5120K)
 Metaspace       used 41100K, committed 41536K, reserved 1089536K
  class space    used 5180K, committed 5312K, reserved 1048576K
}
Event: 10.444 GC heap after
{Heap after GC invocations=17 (full 0):
 garbage-first heap   total 88064K, used 43925K [0x00000000c0000000, 0x0000000100000000)
  region size 1024K, 4 young (4096K), 4 survivors (4096K)
 Metaspace       used 41100K, committed 41536K, reserved 1089536K
  class space    used 5180K, committed 5312K, reserved 1048576K
}
Event: 10.576 GC heap before
{Heap before GC invocations=17 (full 0):
 garbage-first heap   total 88064K, used 66453K [0x00000000c0000000, 0x0000000100000000)
  region size 1024K, 26 young (26624K), 4 survivors (4096K)
 Metaspace       used 41371K, committed 41856K, reserved 1089536K
  class space    used 5219K, committed 5440K, reserved 1048576K
}

