# JRE version: OpenJDK Runtime Environment Temurin-17.0.6+10 (17.0.6+10) (build 17.0.6+10)
# Java VM: OpenJDK 64-Bit Server VM Temurin-17.0.6+10 (17.0.6+10, mixed mode, emulated-client, tiered, compressed oops, compressed class ptrs, g1 gc, windows-amd64)
GC Precious Log:
 CPUs: 4 total, 4 available
 Memory: 4012M
 Large Page Support: Disabled
 NUMA Support: Disabled
 Compressed Oops: Enabled (32-bit)
 Heap Region Size: 1M
 Heap Min Capacity: 8M
 Heap Initial Capacity: 64M
 Heap Max Capacity: 1G
 Pre-touch: Disabled
 Parallel Workers: 4
 Concurrent Workers: 1
 Concurrent Refinement Workers: 4
 Periodic GC: Disabled
Heap:
 garbage-first heap   total 70656K, used 42843K [0x00000000c0000000, 0x0000000100000000)
  region size 1024K, 3 young (3072K), 3 survivors (3072K)
 Metaspace       used 41741K, committed 42176K, reserved 1089536K
  class space    used 5275K, committed 5504K, reserved 1048576K
GC Heap History (20 events):
Event: 3.794 GC heap after
{Heap after GC invocations=7 (full 0):
 garbage-first heap   total 58368K, used 17046K [0x00000000c0000000, 0x0000000100000000)
  region size 1024K, 2 young (2048K), 2 survivors (2048K)
 Metaspace       used 29078K, committed 29312K, reserved 1081344K
  class space    used 3419K, committed 3520K, reserved 1048576K
}
Event: 4.977 GC heap before
{Heap before GC invocations=7 (full 0):
 garbage-first heap   total 58368K, used 39574K [0x00000000c0000000, 0x0000000100000000)
  region size 1024K, 24 young (24576K), 2 survivors (2048K)
 Metaspace       used 32840K, committed 33152K, reserved 1081344K
  class space    used 3946K, committed 4096K, reserved 1048576K
}
Event: 4.988 GC heap after
{Heap after GC invocations=8 (full 0):
 garbage-first heap   total 58368K, used 18384K [0x00000000c0000000, 0x0000000100000000)
  region size 1024K, 3 young (3072K), 3 survivors (3072K)
 Metaspace       used 32840K, committed 33152K, reserved 1081344K
  class space    used 3946K, committed 4096K, reserved 1048576K
}
Event: 5.490 GC heap before
{Heap before GC invocations=8 (full 0):
 garbage-first heap   total 58368K, used 37840K [0x00000000c0000000, 0x0000000100000000)
  region size 1024K, 24 young (24576K), 3 survivors (3072K)
 Metaspace       used 35769K, committed 36096K, reserved 1081344K
  class space    used 4333K, committed 4480K, reserved 1048576K
}
Event: 5.502 GC heap after
{Heap after GC invocations=9 (full 0):
 garbage-first heap   total 58368K, used 20723K [0x00000000c0000000, 0x0000000100000000)
  region size 1024K, 4 young (4096K), 4 survivors (4096K)
 Metaspace       used 35769K, committed 36096K, reserved 1081344K
  class space    used 4333K, committed 4480K, reserved 1048576K
}
Event: 6.434 GC heap before
{Heap before GC invocations=10 (full 0):
 garbage-first heap   total 58368K, used 42227K [0x00000000c0000000, 0x0000000100000000)
  region size 1024K, 25 young (25600K), 4 survivors (4096K)
 Metaspace       used 39688K, committed 40064K, reserved 1089536K
  class space    used 4939K, committed 5120K, reserved 1048576K
}
Event: 6.445 GC heap after
{Heap after GC invocations=11 (full 0):
 garbage-first heap   total 58368K, used 22400K [0x00000000c0000000, 0x0000000100000000)
  region size 1024K, 3 young (3072K), 3 survivors (3072K)
 Metaspace       used 39688K, committed 40064K, reserved 1089536K
  class space    used 4939K, committed 5120K, reserved 1048576K
}
Event: 6.791 GC heap before
{Heap before GC invocations=11 (full 0):
 garbage-first heap   total 58368K, used 41856K [0x00000000c0000000, 0x0000000100000000)
  region size 1024K, 23 young (23552K), 3 survivors (3072K)
 Metaspace       used 40845K, committed 41216K, reserved 1089536K
  class space    used 5133K, committed 5312K, reserved 1048576K
}
Event: 6.798 GC heap after
{Heap after GC invocations=12 (full 0):
 garbage-first heap   total 58368K, used 25578K [0x00000000c0000000, 0x0000000100000000)
  region size 1024K, 3 young (3072K), 3 survivors (3072K)
 Metaspace       used 40845K, committed 41216K, reserved 1089536K
  class space    used 5133K, committed 5312K, reserved 1048576K
}
Event: 6.955 GC heap before
{Heap before GC invocations=12 (full 0):
 garbage-first heap   total 58368K, used 42986K [0x00000000c0000000, 0x0000000100000000)
  region size 1024K, 21 young (21504K), 3 survivors (3072K)
 Metaspace       used 40847K, committed 41216K, reserved 1089536K
  class space    used 5134K, committed 5312K, reserved 1048576K
}
Event: 6.962 GC heap after
{Heap after GC invocations=13 (full 0):
 garbage-first heap   total 58368K, used 29601K [0x00000000c0000000, 0x0000000100000000)
  region size 1024K, 3 young (3072K), 3 survivors (3072K)
 Metaspace       used 40847K, committed 41216K, reserved 1089536K
  class space    used 5134K, committed 5312K, reserved 1048576K
}
Event: 6.964 GC heap before
{Heap before GC invocations=13 (full 0):
 garbage-first heap   total 58368K, used 29601K [0x00000000c0000000, 0x0000000100000000)
  region size 1024K, 4 young (4096K), 3 survivors (3072K)
 Metaspace       used 40847K, committed 41216K, reserved 1089536K
  class space    used 5134K, committed 5312K, reserved 1048576K
}
Event: 6.967 GC heap after
{Heap after GC invocations=14 (full 0):
 garbage-first heap   total 70656K, used 30614K [0x00000000c0000000, 0x0000000100000000)
  region size 1024K, 1 young (1024K), 1 survivors (1024K)
 Metaspace       used 40847K, committed 41216K, reserved 1089536K
  class space    used 5134K, committed 5312K, reserved 1048576K
}
Event: 6.970 GC heap before
{Heap before GC invocations=14 (full 0):
 garbage-first heap   total 70656K, used 31638K [0x00000000c0000000, 0x0000000100000000)
  region size 1024K, 2 young (2048K), 1 survivors (1024K)
 Metaspace       used 40847K, committed 41216K, reserved 1089536K
  class space    used 5134K, committed 5312K, reserved 1048576K
}
Event: 6.972 GC heap after
{Heap after GC invocations=15 (full 0):
 garbage-first heap   total 70656K, used 31155K [0x00000000c0000000, 0x0000000100000000)
  region size 1024K, 1 young (1024K), 1 survivors (1024K)
 Metaspace       used 40847K, committed 41216K, reserved 1089536K
  class space    used 5134K, committed 5312K, reserved 1048576K
}
Event: 7.199 GC heap before
{Heap before GC invocations=15 (full 0):
 garbage-first heap   total 70656K, used 54707K [0x00000000c0000000, 0x0000000100000000)
  region size 1024K, 24 young (24576K), 1 survivors (1024K)
 Metaspace       used 40988K, committed 41408K, reserved 1089536K
  class space    used 5159K, committed 5312K, reserved 1048576K
}
Event: 7.207 GC heap after
{Heap after GC invocations=16 (full 0):
 garbage-first heap   total 70656K, used 36413K [0x00000000c0000000, 0x0000000100000000)
  region size 1024K, 3 young (3072K), 3 survivors (3072K)
 Metaspace       used 40988K, committed 41408K, reserved 1089536K
  class space    used 5159K, committed 5312K, reserved 1048576K
}
Event: 7.396 GC heap before
{Heap before GC invocations=16 (full 0):
 garbage-first heap   total 70656K, used 54845K [0x00000000c0000000, 0x0000000100000000)
  region size 1024K, 21 young (21504K), 3 survivors (3072K)
 Metaspace       used 41513K, committed 41984K, reserved 1089536K
  class space    used 5233K, committed 5440K, reserved 1048576K
}
Event: 7.405 GC heap after
{Heap after GC invocations=17 (full 0):
 garbage-first heap   total 70656K, used 39653K [0x00000000c0000000, 0x0000000100000000)
  region size 1024K, 3 young (3072K), 3 survivors (3072K)
 Metaspace       used 41513K, committed 41984K, reserved 1089536K
  class space    used 5233K, committed 5440K, reserved 1048576K
}
Event: 7.501 GC heap before
{Heap before GC invocations=17 (full 0):
 garbage-first heap   total 70656K, used 56037K [0x00000000c0000000, 0x0000000100000000)
  region size 1024K, 19 young (19456K), 3 survivors (3072K)
 Metaspace       used 41741K, committed 42176K, reserved 1089536K
  class space    used 5275K, committed 5504K, reserved 1048576K
}

