# JRE version: OpenJDK Runtime Environment Temurin-17.0.6+10 (17.0.6+10) (build 17.0.6+10)
# Java VM: OpenJDK 64-Bit Server VM Temurin-17.0.6+10 (17.0.6+10, mixed mode, emulated-client, tiered, compressed oops, compressed class ptrs, g1 gc, windows-amd64)
GC Precious Log:
 CPUs: 4 total, 4 available
 Memory: 4012M
 Large Page Support: Disabled
 NUMA Support: Disabled
 Compressed Oops: Enabled (32-bit)
 Heap Region Size: 1M
 Heap Min Capacity: 8M
 Heap Initial Capacity: 64M
 Heap Max Capacity: 1G
 Pre-touch: Disabled
 Parallel Workers: 4
 Concurrent Workers: 1
 Concurrent Refinement Workers: 4
 Periodic GC: Disabled
Heap:
 garbage-first heap   total 183296K, used 93736K [0x00000000c0000000, 0x0000000100000000)
  region size 1024K, 4 young (4096K), 4 survivors (4096K)
 Metaspace       used 46059K, committed 46528K, reserved 1097728K
  class space    used 5619K, committed 5824K, reserved 1048576K
GC Heap History (20 events):
Event: 8.287 GC heap after
{Heap after GC invocations=17 (full 0):
 garbage-first heap   total 96256K, used 37618K [0x00000000c0000000, 0x0000000100000000)
  region size 1024K, 2 young (2048K), 2 survivors (2048K)
 Metaspace       used 41088K, committed 41536K, reserved 1089536K
  class space    used 5180K, committed 5376K, reserved 1048576K
}
Event: 8.569 GC heap before
{Heap before GC invocations=18 (full 0):
 garbage-first heap   total 96256K, used 63218K [0x00000000c0000000, 0x0000000100000000)
  region size 1024K, 28 young (28672K), 2 survivors (2048K)
 Metaspace       used 41743K, committed 42240K, reserved 1089536K
  class space    used 5270K, committed 5504K, reserved 1048576K
}
Event: 8.581 GC heap after
{Heap after GC invocations=19 (full 0):
 garbage-first heap   total 96256K, used 42315K [0x00000000c0000000, 0x0000000100000000)
  region size 1024K, 4 young (4096K), 4 survivors (4096K)
 Metaspace       used 41743K, committed 42240K, reserved 1089536K
  class space    used 5270K, committed 5504K, reserved 1048576K
}
Event: 8.749 GC heap before
{Heap before GC invocations=19 (full 0):
 garbage-first heap   total 96256K, used 66891K [0x00000000c0000000, 0x0000000100000000)
  region size 1024K, 29 young (29696K), 4 survivors (4096K)
 Metaspace       used 42128K, committed 42624K, reserved 1089536K
  class space    used 5311K, committed 5568K, reserved 1048576K
}
Event: 8.766 GC heap after
{Heap after GC invocations=20 (full 0):
 garbage-first heap   total 96256K, used 46120K [0x00000000c0000000, 0x0000000100000000)
  region size 1024K, 4 young (4096K), 4 survivors (4096K)
 Metaspace       used 42128K, committed 42624K, reserved 1089536K
  class space    used 5311K, committed 5568K, reserved 1048576K
}
Event: 8.917 GC heap before
{Heap before GC invocations=20 (full 0):
 garbage-first heap   total 96256K, used 69672K [0x00000000c0000000, 0x0000000100000000)
  region size 1024K, 28 young (28672K), 4 survivors (4096K)
 Metaspace       used 42467K, committed 42944K, reserved 1089536K
  class space    used 5339K, committed 5568K, reserved 1048576K
}
Event: 8.935 GC heap after
{Heap after GC invocations=21 (full 0):
 garbage-first heap   total 96256K, used 50842K [0x00000000c0000000, 0x0000000100000000)
  region size 1024K, 4 young (4096K), 4 survivors (4096K)
 Metaspace       used 42467K, committed 42944K, reserved 1089536K
  class space    used 5339K, committed 5568K, reserved 1048576K
}
Event: 9.411 GC heap before
{Heap before GC invocations=21 (full 0):
 garbage-first heap   total 96256K, used 71322K [0x00000000c0000000, 0x0000000100000000)
  region size 1024K, 25 young (25600K), 4 survivors (4096K)
 Metaspace       used 43096K, committed 43584K, reserved 1089536K
  class space    used 5399K, committed 5632K, reserved 1048576K
}
Event: 9.441 GC heap after
{Heap after GC invocations=22 (full 0):
 garbage-first heap   total 96256K, used 59716K [0x00000000c0000000, 0x0000000100000000)
  region size 1024K, 4 young (4096K), 4 survivors (4096K)
 Metaspace       used 43096K, committed 43584K, reserved 1089536K
  class space    used 5399K, committed 5632K, reserved 1048576K
}
Event: 9.909 GC heap before
{Heap before GC invocations=23 (full 0):
 garbage-first heap   total 107520K, used 73028K [0x00000000c0000000, 0x0000000100000000)
  region size 1024K, 18 young (18432K), 4 survivors (4096K)
 Metaspace       used 44050K, committed 44544K, reserved 1089536K
  class space    used 5458K, committed 5696K, reserved 1048576K
}
Event: 9.918 GC heap after
{Heap after GC invocations=24 (full 0):
 garbage-first heap   total 107520K, used 62022K [0x00000000c0000000, 0x0000000100000000)
  region size 1024K, 2 young (2048K), 2 survivors (2048K)
 Metaspace       used 44050K, committed 44544K, reserved 1089536K
  class space    used 5458K, committed 5696K, reserved 1048576K
}
Event: 9.972 GC heap before
{Heap before GC invocations=24 (full 0):
 garbage-first heap   total 107520K, used 65094K [0x00000000c0000000, 0x0000000100000000)
  region size 1024K, 5 young (5120K), 2 survivors (2048K)
 Metaspace       used 44298K, committed 44800K, reserved 1089536K
  class space    used 5479K, committed 5696K, reserved 1048576K
}
Event: 9.979 GC heap after
{Heap after GC invocations=25 (full 0):
 garbage-first heap   total 183296K, used 61930K [0x00000000c0000000, 0x0000000100000000)
  region size 1024K, 1 young (1024K), 1 survivors (1024K)
 Metaspace       used 44298K, committed 44800K, reserved 1089536K
  class space    used 5479K, committed 5696K, reserved 1048576K
}
Event: 10.547 GC heap before
{Heap before GC invocations=25 (full 0):
 garbage-first heap   total 183296K, used 124394K [0x00000000c0000000, 0x0000000100000000)
  region size 1024K, 61 young (62464K), 1 survivors (1024K)
 Metaspace       used 44866K, committed 45376K, reserved 1089536K
  class space    used 5548K, committed 5760K, reserved 1048576K
}
Event: 10.603 GC heap after
{Heap after GC invocations=26 (full 0):
 garbage-first heap   total 183296K, used 87817K [0x00000000c0000000, 0x0000000100000000)
  region size 1024K, 8 young (8192K), 8 survivors (8192K)
 Metaspace       used 44866K, committed 45376K, reserved 1089536K
  class space    used 5548K, committed 5760K, reserved 1048576K
}
Event: 10.702 GC heap before
{Heap before GC invocations=26 (full 0):
 garbage-first heap   total 183296K, used 123657K [0x00000000c0000000, 0x0000000100000000)
  region size 1024K, 44 young (45056K), 8 survivors (8192K)
 Metaspace       used 45400K, committed 45824K, reserved 1089536K
  class space    used 5582K, committed 5760K, reserved 1048576K
}
Event: 10.711 GC heap after
{Heap after GC invocations=27 (full 0):
 garbage-first heap   total 183296K, used 90142K [0x00000000c0000000, 0x0000000100000000)
  region size 1024K, 2 young (2048K), 2 survivors (2048K)
 Metaspace       used 45400K, committed 45824K, reserved 1089536K
  class space    used 5582K, committed 5760K, reserved 1048576K
}
Event: 10.779 GC heap before
{Heap before GC invocations=27 (full 0):
 garbage-first heap   total 183296K, used 128030K [0x00000000c0000000, 0x0000000100000000)
  region size 1024K, 40 young (40960K), 2 survivors (2048K)
 Metaspace       used 45456K, committed 45952K, reserved 1089536K
  class space    used 5591K, committed 5824K, reserved 1048576K
}
Event: 10.783 GC heap after
{Heap after GC invocations=28 (full 0):
 garbage-first heap   total 183296K, used 91999K [0x00000000c0000000, 0x0000000100000000)
  region size 1024K, 4 young (4096K), 4 survivors (4096K)
 Metaspace       used 45456K, committed 45952K, reserved 1089536K
  class space    used 5591K, committed 5824K, reserved 1048576K
}
Event: 11.013 GC heap before
{Heap before GC invocations=28 (full 0):
 garbage-first heap   total 183296K, used 132959K [0x00000000c0000000, 0x0000000100000000)
  region size 1024K, 45 young (46080K), 4 survivors (4096K)
 Metaspace       used 46059K, committed 46528K, reserved 1097728K
  class space    used 5619K, committed 5824K, reserved 1048576K
}

