# JRE version: OpenJDK Runtime Environment Temurin-17.0.6+10 (17.0.6+10) (build 17.0.6+10)
# Java VM: OpenJDK 64-Bit Server VM Temurin-17.0.6+10 (17.0.6+10, mixed mode, emulated-client, tiered, compressed oops, compressed class ptrs, g1 gc, windows-amd64)
GC Precious Log:
 CPUs: 4 total, 4 available
 Memory: 4012M
 Large Page Support: Disabled
 NUMA Support: Disabled
 Compressed Oops: Enabled (32-bit)
 Heap Region Size: 1M
 Heap Min Capacity: 8M
 Heap Initial Capacity: 64M
 Heap Max Capacity: 1G
 Pre-touch: Disabled
 Parallel Workers: 4
 Concurrent Workers: 1
 Concurrent Refinement Workers: 4
 Periodic GC: Disabled
Heap:
 garbage-first heap   total 86016K, used 55236K [0x00000000c0000000, 0x0000000100000000)
  region size 1024K, 1 young (1024K), 1 survivors (1024K)
 Metaspace       used 42739K, committed 43200K, reserved 1089536K
  class space    used 5356K, committed 5568K, reserved 1048576K
GC Heap History (20 events):
Event: 5.654 GC heap after
{Heap after GC invocations=10 (full 0):
 garbage-first heap   total 61440K, used 21404K [0x00000000c0000000, 0x0000000100000000)
  region size 1024K, 4 young (4096K), 4 survivors (4096K)
 Metaspace       used 35841K, committed 36160K, reserved 1081344K
  class space    used 4342K, committed 4480K, reserved 1048576K
}
Event: 6.531 GC heap before
{Heap before GC invocations=11 (full 0):
 garbage-first heap   total 61440K, used 43932K [0x00000000c0000000, 0x0000000100000000)
  region size 1024K, 27 young (27648K), 4 survivors (4096K)
 Metaspace       used 39982K, committed 40448K, reserved 1089536K
  class space    used 4994K, committed 5184K, reserved 1048576K
}
Event: 6.540 GC heap after
{Heap after GC invocations=12 (full 0):
 garbage-first heap   total 61440K, used 23267K [0x00000000c0000000, 0x0000000100000000)
  region size 1024K, 4 young (4096K), 4 survivors (4096K)
 Metaspace       used 39982K, committed 40448K, reserved 1089536K
  class space    used 4994K, committed 5184K, reserved 1048576K
}
Event: 6.879 GC heap before
{Heap before GC invocations=12 (full 0):
 garbage-first heap   total 61440K, used 44771K [0x00000000c0000000, 0x0000000100000000)
  region size 1024K, 26 young (26624K), 4 survivors (4096K)
 Metaspace       used 40872K, committed 41280K, reserved 1089536K
  class space    used 5138K, committed 5312K, reserved 1048576K
}
Event: 6.896 GC heap after
{Heap after GC invocations=13 (full 0):
 garbage-first heap   total 61440K, used 28153K [0x00000000c0000000, 0x0000000100000000)
  region size 1024K, 4 young (4096K), 4 survivors (4096K)
 Metaspace       used 40872K, committed 41280K, reserved 1089536K
  class space    used 5138K, committed 5312K, reserved 1048576K
}
Event: 7.187 GC heap before
{Heap before GC invocations=13 (full 0):
 garbage-first heap   total 61440K, used 48633K [0x00000000c0000000, 0x0000000100000000)
  region size 1024K, 22 young (22528K), 4 survivors (4096K)
 Metaspace       used 40987K, committed 41408K, reserved 1089536K
  class space    used 5157K, committed 5312K, reserved 1048576K
}
Event: 7.208 GC heap after
{Heap after GC invocations=14 (full 0):
 garbage-first heap   total 61440K, used 32634K [0x00000000c0000000, 0x0000000100000000)
  region size 1024K, 3 young (3072K), 3 survivors (3072K)
 Metaspace       used 40987K, committed 41408K, reserved 1089536K
  class space    used 5157K, committed 5312K, reserved 1048576K
}
Event: 7.433 GC heap before
{Heap before GC invocations=14 (full 0):
 garbage-first heap   total 61440K, used 43898K [0x00000000c0000000, 0x0000000100000000)
  region size 1024K, 15 young (15360K), 3 survivors (3072K)
 Metaspace       used 41031K, committed 41408K, reserved 1089536K
  class space    used 5169K, committed 5312K, reserved 1048576K
}
Event: 7.455 GC heap after
{Heap after GC invocations=15 (full 0):
 garbage-first heap   total 80896K, used 35202K [0x00000000c0000000, 0x0000000100000000)
  region size 1024K, 2 young (2048K), 2 survivors (2048K)
 Metaspace       used 41031K, committed 41408K, reserved 1089536K
  class space    used 5169K, committed 5312K, reserved 1048576K
}
Event: 7.897 GC heap before
{Heap before GC invocations=16 (full 0):
 garbage-first heap   total 80896K, used 57730K [0x00000000c0000000, 0x0000000100000000)
  region size 1024K, 25 young (25600K), 2 survivors (2048K)
 Metaspace       used 41732K, committed 42176K, reserved 1089536K
  class space    used 5268K, committed 5504K, reserved 1048576K
}
Event: 7.907 GC heap after
{Heap after GC invocations=17 (full 0):
 garbage-first heap   total 80896K, used 39634K [0x00000000c0000000, 0x0000000100000000)
  region size 1024K, 4 young (4096K), 4 survivors (4096K)
 Metaspace       used 41732K, committed 42176K, reserved 1089536K
  class space    used 5268K, committed 5504K, reserved 1048576K
}
Event: 8.010 GC heap before
{Heap before GC invocations=17 (full 0):
 garbage-first heap   total 80896K, used 60114K [0x00000000c0000000, 0x0000000100000000)
  region size 1024K, 24 young (24576K), 4 survivors (4096K)
 Metaspace       used 42050K, committed 42496K, reserved 1089536K
  class space    used 5291K, committed 5504K, reserved 1048576K
}
Event: 8.022 GC heap after
{Heap after GC invocations=18 (full 0):
 garbage-first heap   total 80896K, used 43209K [0x00000000c0000000, 0x0000000100000000)
  region size 1024K, 3 young (3072K), 3 survivors (3072K)
 Metaspace       used 42050K, committed 42496K, reserved 1089536K
  class space    used 5291K, committed 5504K, reserved 1048576K
}
Event: 8.103 GC heap before
{Heap before GC invocations=18 (full 0):
 garbage-first heap   total 80896K, used 60617K [0x00000000c0000000, 0x0000000100000000)
  region size 1024K, 21 young (21504K), 3 survivors (3072K)
 Metaspace       used 42392K, committed 42880K, reserved 1089536K
  class space    used 5320K, committed 5568K, reserved 1048576K
}
Event: 8.113 GC heap after
{Heap after GC invocations=19 (full 0):
 garbage-first heap   total 80896K, used 46158K [0x00000000c0000000, 0x0000000100000000)
  region size 1024K, 3 young (3072K), 3 survivors (3072K)
 Metaspace       used 42392K, committed 42880K, reserved 1089536K
  class space    used 5320K, committed 5568K, reserved 1048576K
}
Event: 8.216 GC heap before
{Heap before GC invocations=19 (full 0):
 garbage-first heap   total 80896K, used 62542K [0x00000000c0000000, 0x0000000100000000)
  region size 1024K, 19 young (19456K), 3 survivors (3072K)
 Metaspace       used 42688K, committed 43200K, reserved 1089536K
  class space    used 5353K, committed 5568K, reserved 1048576K
}
Event: 8.227 GC heap after
{Heap after GC invocations=20 (full 0):
 garbage-first heap   total 80896K, used 49222K [0x00000000c0000000, 0x0000000100000000)
  region size 1024K, 3 young (3072K), 3 survivors (3072K)
 Metaspace       used 42688K, committed 43200K, reserved 1089536K
  class space    used 5353K, committed 5568K, reserved 1048576K
}
Event: 8.336 GC heap before
{Heap before GC invocations=21 (full 0):
 garbage-first heap   total 86016K, used 63558K [0x00000000c0000000, 0x0000000100000000)
  region size 1024K, 17 young (17408K), 3 survivors (3072K)
 Metaspace       used 42739K, committed 43200K, reserved 1089536K
  class space    used 5356K, committed 5568K, reserved 1048576K
}
Event: 8.353 GC heap after
{Heap after GC invocations=22 (full 0):
 garbage-first heap   total 86016K, used 54946K [0x00000000c0000000, 0x0000000100000000)
  region size 1024K, 3 young (3072K), 3 survivors (3072K)
 Metaspace       used 42739K, committed 43200K, reserved 1089536K
  class space    used 5356K, committed 5568K, reserved 1048576K
}
Event: 8.356 GC heap before
{Heap before GC invocations=22 (full 0):
 garbage-first heap   total 86016K, used 55970K [0x00000000c0000000, 0x0000000100000000)
  region size 1024K, 4 young (4096K), 3 survivors (3072K)
 Metaspace       used 42739K, committed 43200K, reserved 1089536K
  class space    used 5356K, committed 5568K, reserved 1048576K
}

