# JRE version: OpenJDK Runtime Environment Temurin-17.0.6+10 (17.0.6+10) (build 17.0.6+10)
# Java VM: OpenJDK 64-Bit Server VM Temurin-17.0.6+10 (17.0.6+10, mixed mode, emulated-client, tiered, compressed oops, compressed class ptrs, g1 gc, windows-amd64)
GC Precious Log:
 CPUs: 4 total, 4 available
 Memory: 4012M
 Large Page Support: Disabled
 NUMA Support: Disabled
 Compressed Oops: Enabled (32-bit)
 Heap Region Size: 1M
 Heap Min Capacity: 8M
 Heap Initial Capacity: 64M
 Heap Max Capacity: 1G
 Pre-touch: Disabled
 Parallel Workers: 4
 Concurrent Workers: 1
 Concurrent Refinement Workers: 4
 Periodic GC: Disabled
Heap:
 garbage-first heap   total 235520K, used 63997K [0x00000000c0000000, 0x0000000100000000)
  region size 1024K, 3 young (3072K), 3 survivors (3072K)
 Metaspace       used 69871K, committed 70272K, reserved 1114112K
  class space    used 9237K, committed 9408K, reserved 1048576K
GC Heap History (20 events):
Event: 996.606 GC heap after
{Heap after GC invocations=175 (full 59):
 garbage-first heap   total 411648K, used 64526K [0x00000000c0000000, 0x0000000100000000)
  region size 1024K, 3 young (3072K), 3 survivors (3072K)
 Metaspace       used 69845K, committed 70272K, reserved 1114112K
  class space    used 9231K, committed 9408K, reserved 1048576K
}
Event: 997.692 GC heap before
{Heap before GC invocations=175 (full 59):
 garbage-first heap   total 411648K, used 77838K [0x00000000c0000000, 0x0000000100000000)
  region size 1024K, 17 young (17408K), 3 survivors (3072K)
 Metaspace       used 69845K, committed 70272K, reserved 1114112K
  class space    used 9231K, committed 9408K, reserved 1048576K
}
Event: 997.758 GC heap after
{Heap after GC invocations=176 (full 59):
 garbage-first heap   total 411648K, used 65352K [0x00000000c0000000, 0x0000000100000000)
  region size 1024K, 4 young (4096K), 4 survivors (4096K)
 Metaspace       used 69845K, committed 70272K, reserved 1114112K
  class space    used 9231K, committed 9408K, reserved 1048576K
}
Event: 1019.556 GC heap before
{Heap before GC invocations=177 (full 59):
 garbage-first heap   total 235520K, used 197448K [0x00000000c0000000, 0x0000000100000000)
  region size 1024K, 118 young (120832K), 4 survivors (4096K)
 Metaspace       used 69846K, committed 70272K, reserved 1114112K
  class space    used 9232K, committed 9408K, reserved 1048576K
}
Event: 1019.601 GC heap after
{Heap after GC invocations=178 (full 59):
 garbage-first heap   total 235520K, used 65579K [0x00000000c0000000, 0x0000000100000000)
  region size 1024K, 6 young (6144K), 6 survivors (6144K)
 Metaspace       used 69846K, committed 70272K, reserved 1114112K
  class space    used 9232K, committed 9408K, reserved 1048576K
}
Event: 1019.689 GC heap before
{Heap before GC invocations=178 (full 59):
 garbage-first heap   total 235520K, used 69675K [0x00000000c0000000, 0x0000000100000000)
  region size 1024K, 11 young (11264K), 6 survivors (6144K)
 Metaspace       used 69846K, committed 70272K, reserved 1114112K
  class space    used 9232K, committed 9408K, reserved 1048576K
}
Event: 1019.717 GC heap after
{Heap after GC invocations=179 (full 59):
 garbage-first heap   total 235520K, used 63128K [0x00000000c0000000, 0x0000000100000000)
  region size 1024K, 1 young (1024K), 1 survivors (1024K)
 Metaspace       used 69846K, committed 70272K, reserved 1114112K
  class space    used 9232K, committed 9408K, reserved 1048576K
}
Event: 1019.719 GC heap before
{Heap before GC invocations=179 (full 59):
 garbage-first heap   total 235520K, used 63128K [0x00000000c0000000, 0x0000000100000000)
  region size 1024K, 2 young (2048K), 1 survivors (1024K)
 Metaspace       used 69846K, committed 70272K, reserved 1114112K
  class space    used 9232K, committed 9408K, reserved 1048576K
}
Event: 1019.726 GC heap after
{Heap after GC invocations=180 (full 59):
 garbage-first heap   total 235520K, used 63324K [0x00000000c0000000, 0x0000000100000000)
  region size 1024K, 2 young (2048K), 2 survivors (2048K)
 Metaspace       used 69846K, committed 70272K, reserved 1114112K
  class space    used 9232K, committed 9408K, reserved 1048576K
}
Event: 1069.171 GC heap before
{Heap before GC invocations=181 (full 59):
 garbage-first heap   total 235520K, used 174340K [0x00000000c0000000, 0x0000000100000000)
  region size 1024K, 101 young (103424K), 2 survivors (2048K)
 Metaspace       used 69858K, committed 70272K, reserved 1114112K
  class space    used 9235K, committed 9408K, reserved 1048576K
}
Event: 1069.328 GC heap after
{Heap after GC invocations=182 (full 59):
 garbage-first heap   total 235520K, used 72453K [0x00000000c0000000, 0x0000000100000000)
  region size 1024K, 11 young (11264K), 11 survivors (11264K)
 Metaspace       used 69858K, committed 70272K, reserved 1114112K
  class space    used 9235K, committed 9408K, reserved 1048576K
}
Event: 1069.428 GC heap before
{Heap before GC invocations=182 (full 59):
 garbage-first heap   total 235520K, used 73477K [0x00000000c0000000, 0x0000000100000000)
  region size 1024K, 12 young (12288K), 11 survivors (11264K)
 Metaspace       used 69858K, committed 70272K, reserved 1114112K
  class space    used 9235K, committed 9408K, reserved 1048576K
}
Event: 1069.485 GC heap after
{Heap after GC invocations=183 (full 59):
 garbage-first heap   total 235520K, used 70451K [0x00000000c0000000, 0x0000000100000000)
  region size 1024K, 1 young (1024K), 1 survivors (1024K)
 Metaspace       used 69858K, committed 70272K, reserved 1114112K
  class space    used 9235K, committed 9408K, reserved 1048576K
}
Event: 1070.053 GC heap before
{Heap before GC invocations=183 (full 59):
 garbage-first heap   total 235520K, used 70451K [0x00000000c0000000, 0x0000000100000000)
  region size 1024K, 3 young (3072K), 1 survivors (1024K)
 Metaspace       used 69861K, committed 70272K, reserved 1114112K
  class space    used 9236K, committed 9408K, reserved 1048576K
}
Event: 1070.077 GC heap after
{Heap after GC invocations=184 (full 59):
 garbage-first heap   total 235520K, used 70057K [0x00000000c0000000, 0x0000000100000000)
  region size 1024K, 1 young (1024K), 1 survivors (1024K)
 Metaspace       used 69861K, committed 70272K, reserved 1114112K
  class space    used 9236K, committed 9408K, reserved 1048576K
}
Event: 1086.141 GC heap before
{Heap before GC invocations=185 (full 59):
 garbage-first heap   total 235520K, used 184745K [0x00000000c0000000, 0x0000000100000000)
  region size 1024K, 101 young (103424K), 1 survivors (1024K)
 Metaspace       used 69871K, committed 70272K, reserved 1114112K
  class space    used 9237K, committed 9408K, reserved 1048576K
}
Event: 1086.205 GC heap after
{Heap after GC invocations=186 (full 59):
 garbage-first heap   total 235520K, used 71444K [0x00000000c0000000, 0x0000000100000000)
  region size 1024K, 4 young (4096K), 4 survivors (4096K)
 Metaspace       used 69871K, committed 70272K, reserved 1114112K
  class space    used 9237K, committed 9408K, reserved 1048576K
}
Event: 1086.453 GC heap before
{Heap before GC invocations=186 (full 59):
 garbage-first heap   total 235520K, used 78612K [0x00000000c0000000, 0x0000000100000000)
  region size 1024K, 11 young (11264K), 4 survivors (4096K)
 Metaspace       used 69871K, committed 70272K, reserved 1114112K
  class space    used 9237K, committed 9408K, reserved 1048576K
}
Event: 1086.503 GC heap after
{Heap after GC invocations=187 (full 59):
 garbage-first heap   total 235520K, used 62524K [0x00000000c0000000, 0x0000000100000000)
  region size 1024K, 1 young (1024K), 1 survivors (1024K)
 Metaspace       used 69871K, committed 70272K, reserved 1114112K
  class space    used 9237K, committed 9408K, reserved 1048576K
}
Event: 1087.637 GC heap before
{Heap before GC invocations=187 (full 59):
 garbage-first heap   total 235520K, used 79932K [0x00000000c0000000, 0x0000000100000000)
  region size 1024K, 19 young (19456K), 1 survivors (1024K)
 Metaspace       used 69871K, committed 70272K, reserved 1114112K
  class space    used 9237K, committed 9408K, reserved 1048576K
}

