# JRE version: OpenJDK Runtime Environment Temurin-17.0.6+10 (17.0.6+10) (build 17.0.6+10)
# Java VM: OpenJDK 64-Bit Server VM Temurin-17.0.6+10 (17.0.6+10, mixed mode, emulated-client, tiered, compressed oops, compressed class ptrs, g1 gc, windows-amd64)
GC Precious Log:
 CPUs: 4 total, 4 available
 Memory: 4012M
 Large Page Support: Disabled
 NUMA Support: Disabled
 Compressed Oops: Enabled (32-bit)
 Heap Region Size: 1M
 Heap Min Capacity: 8M
 Heap Initial Capacity: 64M
 Heap Max Capacity: 1G
 Pre-touch: Disabled
 Parallel Workers: 4
 Concurrent Workers: 1
 Concurrent Refinement Workers: 4
 Periodic GC: Disabled
Heap:
 garbage-first heap   total 173056K, used 61251K [0x00000000c0000000, 0x0000000100000000)
  region size 1024K, 1 young (1024K), 0 survivors (0K)
 Metaspace       used 72552K, committed 73152K, reserved 1114112K
  class space    used 9645K, committed 9920K, reserved 1048576K
GC Heap History (20 events):
Event: 27114.790 GC heap before
{Heap before GC invocations=1969 (full 1731):
 garbage-first heap   total 173056K, used 61279K [0x00000000c0000000, 0x0000000100000000)
  region size 1024K, 1 young (1024K), 0 survivors (0K)
 Metaspace       used 72587K, committed 73152K, reserved 1114112K
  class space    used 9651K, committed 9920K, reserved 1048576K
}
Event: 27114.893 GC heap after
{Heap after GC invocations=1970 (full 1732):
 garbage-first heap   total 173056K, used 61279K [0x00000000c0000000, 0x0000000100000000)
  region size 1024K, 0 young (0K), 0 survivors (0K)
 Metaspace       used 72587K, committed 73152K, reserved 1114112K
  class space    used 9651K, committed 9920K, reserved 1048576K
}
Event: 27125.233 GC heap before
{Heap before GC invocations=1970 (full 1732):
 garbage-first heap   total 173056K, used 61279K [0x00000000c0000000, 0x0000000100000000)
  region size 1024K, 1 young (1024K), 0 survivors (0K)
 Metaspace       used 72587K, committed 73152K, reserved 1114112K
  class space    used 9651K, committed 9920K, reserved 1048576K
}
Event: 27125.338 GC heap after
{Heap after GC invocations=1971 (full 1733):
 garbage-first heap   total 173056K, used 61279K [0x00000000c0000000, 0x0000000100000000)
  region size 1024K, 0 young (0K), 0 survivors (0K)
 Metaspace       used 72587K, committed 73152K, reserved 1114112K
  class space    used 9651K, committed 9920K, reserved 1048576K
}
Event: 27135.629 GC heap before
{Heap before GC invocations=1971 (full 1733):
 garbage-first heap   total 173056K, used 61279K [0x00000000c0000000, 0x0000000100000000)
  region size 1024K, 1 young (1024K), 0 survivors (0K)
 Metaspace       used 72587K, committed 73152K, reserved 1114112K
  class space    used 9651K, committed 9920K, reserved 1048576K
}
Event: 27135.730 GC heap after
{Heap after GC invocations=1972 (full 1734):
 garbage-first heap   total 173056K, used 61279K [0x00000000c0000000, 0x0000000100000000)
  region size 1024K, 0 young (0K), 0 survivors (0K)
 Metaspace       used 72587K, committed 73152K, reserved 1114112K
  class space    used 9651K, committed 9920K, reserved 1048576K
}
Event: 27146.116 GC heap before
{Heap before GC invocations=1972 (full 1734):
 garbage-first heap   total 173056K, used 61279K [0x00000000c0000000, 0x0000000100000000)
  region size 1024K, 1 young (1024K), 0 survivors (0K)
 Metaspace       used 72587K, committed 73152K, reserved 1114112K
  class space    used 9651K, committed 9920K, reserved 1048576K
}
Event: 27146.220 GC heap after
{Heap after GC invocations=1973 (full 1735):
 garbage-first heap   total 173056K, used 61279K [0x00000000c0000000, 0x0000000100000000)
  region size 1024K, 0 young (0K), 0 survivors (0K)
 Metaspace       used 72587K, committed 73152K, reserved 1114112K
  class space    used 9651K, committed 9920K, reserved 1048576K
}
Event: 27156.540 GC heap before
{Heap before GC invocations=1973 (full 1735):
 garbage-first heap   total 173056K, used 61279K [0x00000000c0000000, 0x0000000100000000)
  region size 1024K, 1 young (1024K), 0 survivors (0K)
 Metaspace       used 72587K, committed 73152K, reserved 1114112K
  class space    used 9651K, committed 9920K, reserved 1048576K
}
Event: 27156.644 GC heap after
{Heap after GC invocations=1974 (full 1736):
 garbage-first heap   total 173056K, used 61279K [0x00000000c0000000, 0x0000000100000000)
  region size 1024K, 0 young (0K), 0 survivors (0K)
 Metaspace       used 72587K, committed 73152K, reserved 1114112K
  class space    used 9651K, committed 9920K, reserved 1048576K
}
Event: 27166.934 GC heap before
{Heap before GC invocations=1974 (full 1736):
 garbage-first heap   total 173056K, used 61279K [0x00000000c0000000, 0x0000000100000000)
  region size 1024K, 1 young (1024K), 0 survivors (0K)
 Metaspace       used 72587K, committed 73152K, reserved 1114112K
  class space    used 9651K, committed 9920K, reserved 1048576K
}
Event: 27167.036 GC heap after
{Heap after GC invocations=1975 (full 1737):
 garbage-first heap   total 173056K, used 61279K [0x00000000c0000000, 0x0000000100000000)
  region size 1024K, 0 young (0K), 0 survivors (0K)
 Metaspace       used 72587K, committed 73152K, reserved 1114112K
  class space    used 9651K, committed 9920K, reserved 1048576K
}
Event: 27177.417 GC heap before
{Heap before GC invocations=1975 (full 1737):
 garbage-first heap   total 173056K, used 61279K [0x00000000c0000000, 0x0000000100000000)
  region size 1024K, 1 young (1024K), 0 survivors (0K)
 Metaspace       used 72587K, committed 73152K, reserved 1114112K
  class space    used 9651K, committed 9920K, reserved 1048576K
}
Event: 27177.534 GC heap after
{Heap after GC invocations=1976 (full 1738):
 garbage-first heap   total 173056K, used 61279K [0x00000000c0000000, 0x0000000100000000)
  region size 1024K, 0 young (0K), 0 survivors (0K)
 Metaspace       used 72587K, committed 73152K, reserved 1114112K
  class space    used 9651K, committed 9920K, reserved 1048576K
}
Event: 27187.888 GC heap before
{Heap before GC invocations=1976 (full 1738):
 garbage-first heap   total 173056K, used 61279K [0x00000000c0000000, 0x0000000100000000)
  region size 1024K, 1 young (1024K), 0 survivors (0K)
 Metaspace       used 72587K, committed 73152K, reserved 1114112K
  class space    used 9651K, committed 9920K, reserved 1048576K
}
Event: 27188.000 GC heap after
{Heap after GC invocations=1977 (full 1739):
 garbage-first heap   total 173056K, used 61279K [0x00000000c0000000, 0x0000000100000000)
  region size 1024K, 0 young (0K), 0 survivors (0K)
 Metaspace       used 72587K, committed 73152K, reserved 1114112K
  class space    used 9651K, committed 9920K, reserved 1048576K
}
Event: 27198.348 GC heap before
{Heap before GC invocations=1977 (full 1739):
 garbage-first heap   total 173056K, used 61279K [0x00000000c0000000, 0x0000000100000000)
  region size 1024K, 1 young (1024K), 0 survivors (0K)
 Metaspace       used 72587K, committed 73152K, reserved 1114112K
  class space    used 9651K, committed 9920K, reserved 1048576K
}
Event: 27199.221 GC heap after
{Heap after GC invocations=1978 (full 1740):
 garbage-first heap   total 173056K, used 61258K [0x00000000c0000000, 0x0000000100000000)
  region size 1024K, 0 young (0K), 0 survivors (0K)
 Metaspace       used 72552K, committed 73152K, reserved 1114112K
  class space    used 9645K, committed 9920K, reserved 1048576K
}
Event: 27209.563 GC heap before
{Heap before GC invocations=1978 (full 1740):
 garbage-first heap   total 173056K, used 61258K [0x00000000c0000000, 0x0000000100000000)
  region size 1024K, 1 young (1024K), 0 survivors (0K)
 Metaspace       used 72552K, committed 73152K, reserved 1114112K
  class space    used 9645K, committed 9920K, reserved 1048576K
}
Event: 27209.675 GC heap after
{Heap after GC invocations=1979 (full 1741):
 garbage-first heap   total 173056K, used 61251K [0x00000000c0000000, 0x0000000100000000)
  region size 1024K, 0 young (0K), 0 survivors (0K)
 Metaspace       used 72542K, committed 73152K, reserved 1114112K
  class space    used 9643K, committed 9920K, reserved 1048576K
}

