# JRE version: OpenJDK Runtime Environment Temurin-17.0.6+10 (17.0.6+10) (build 17.0.6+10)
# Java VM: OpenJDK 64-Bit Server VM Temurin-17.0.6+10 (17.0.6+10, mixed mode, emulated-client, tiered, compressed oops, compressed class ptrs, g1 gc, windows-amd64)
GC Precious Log:
 CPUs: 4 total, 4 available
 Memory: 4012M
 Large Page Support: Disabled
 NUMA Support: Disabled
 Compressed Oops: Enabled (32-bit)
 Heap Region Size: 1M
 Heap Min Capacity: 8M
 Heap Initial Capacity: 64M
 Heap Max Capacity: 1G
 Pre-touch: Disabled
 Parallel Workers: 4
 Concurrent Workers: 1
 Concurrent Refinement Workers: 4
 Periodic GC: Disabled
Heap:
 garbage-first heap   total 132096K, used 79136K [0x00000000c0000000, 0x0000000100000000)
  region size 1024K, 2 young (2048K), 2 survivors (2048K)
 Metaspace       used 44660K, committed 45120K, reserved 1089536K
  class space    used 5535K, committed 5760K, reserved 1048576K
GC Heap History (20 events):
Event: 16.966 GC heap after
{Heap after GC invocations=14 (full 0):
 garbage-first heap   total 58368K, used 29134K [0x00000000c0000000, 0x0000000100000000)
  region size 1024K, 3 young (3072K), 3 survivors (3072K)
 Metaspace       used 40881K, committed 41280K, reserved 1089536K
  class space    used 5142K, committed 5312K, reserved 1048576K
}
Event: 17.429 GC heap before
{Heap before GC invocations=14 (full 0):
 garbage-first heap   total 58368K, used 43470K [0x00000000c0000000, 0x0000000100000000)
  region size 1024K, 18 young (18432K), 3 survivors (3072K)
 Metaspace       used 40911K, committed 41344K, reserved 1089536K
  class space    used 5144K, committed 5312K, reserved 1048576K
}
Event: 17.442 GC heap after
{Heap after GC invocations=15 (full 0):
 garbage-first heap   total 58368K, used 32693K [0x00000000c0000000, 0x0000000100000000)
  region size 1024K, 3 young (3072K), 3 survivors (3072K)
 Metaspace       used 40911K, committed 41344K, reserved 1089536K
  class space    used 5144K, committed 5312K, reserved 1048576K
}
Event: 17.644 GC heap before
{Heap before GC invocations=16 (full 0):
 garbage-first heap   total 65536K, used 37813K [0x00000000c0000000, 0x0000000100000000)
  region size 1024K, 10 young (10240K), 3 survivors (3072K)
 Metaspace       used 40912K, committed 41344K, reserved 1089536K
  class space    used 5144K, committed 5312K, reserved 1048576K
}
Event: 17.651 GC heap after
{Heap after GC invocations=17 (full 0):
 garbage-first heap   total 65536K, used 34572K [0x00000000c0000000, 0x0000000100000000)
  region size 1024K, 2 young (2048K), 2 survivors (2048K)
 Metaspace       used 40912K, committed 41344K, reserved 1089536K
  class space    used 5144K, committed 5312K, reserved 1048576K
}
Event: 17.863 GC heap before
{Heap before GC invocations=18 (full 0):
 garbage-first heap   total 70656K, used 50956K [0x00000000c0000000, 0x0000000100000000)
  region size 1024K, 16 young (16384K), 2 survivors (2048K)
 Metaspace       used 41126K, committed 41664K, reserved 1089536K
  class space    used 5186K, committed 5440K, reserved 1048576K
}
Event: 17.873 GC heap after
{Heap after GC invocations=19 (full 0):
 garbage-first heap   total 70656K, used 38494K [0x00000000c0000000, 0x0000000100000000)
  region size 1024K, 2 young (2048K), 2 survivors (2048K)
 Metaspace       used 41126K, committed 41664K, reserved 1089536K
  class space    used 5186K, committed 5440K, reserved 1048576K
}
Event: 17.978 GC heap before
{Heap before GC invocations=19 (full 0):
 garbage-first heap   total 70656K, used 52830K [0x00000000c0000000, 0x0000000100000000)
  region size 1024K, 16 young (16384K), 2 survivors (2048K)
 Metaspace       used 41272K, committed 41728K, reserved 1089536K
  class space    used 5206K, committed 5440K, reserved 1048576K
}
Event: 17.988 GC heap after
{Heap after GC invocations=20 (full 0):
 garbage-first heap   total 70656K, used 40866K [0x00000000c0000000, 0x0000000100000000)
  region size 1024K, 2 young (2048K), 2 survivors (2048K)
 Metaspace       used 41272K, committed 41728K, reserved 1089536K
  class space    used 5206K, committed 5440K, reserved 1048576K
}
Event: 18.144 GC heap before
{Heap before GC invocations=20 (full 0):
 garbage-first heap   total 87040K, used 54178K [0x00000000c0000000, 0x0000000100000000)
  region size 1024K, 15 young (15360K), 2 survivors (2048K)
 Metaspace       used 41473K, committed 41920K, reserved 1089536K
  class space    used 5243K, committed 5440K, reserved 1048576K
}
Event: 18.152 GC heap after
{Heap after GC invocations=21 (full 0):
 garbage-first heap   total 132096K, used 43210K [0x00000000c0000000, 0x0000000100000000)
  region size 1024K, 2 young (2048K), 2 survivors (2048K)
 Metaspace       used 41473K, committed 41920K, reserved 1089536K
  class space    used 5243K, committed 5440K, reserved 1048576K
}
Event: 18.459 GC heap before
{Heap before GC invocations=22 (full 0):
 garbage-first heap   total 132096K, used 84170K [0x00000000c0000000, 0x0000000100000000)
  region size 1024K, 43 young (44032K), 2 survivors (2048K)
 Metaspace       used 42593K, committed 43072K, reserved 1089536K
  class space    used 5361K, committed 5568K, reserved 1048576K
}
Event: 18.488 GC heap after
{Heap after GC invocations=23 (full 0):
 garbage-first heap   total 132096K, used 50937K [0x00000000c0000000, 0x0000000100000000)
  region size 1024K, 6 young (6144K), 6 survivors (6144K)
 Metaspace       used 42593K, committed 43072K, reserved 1089536K
  class space    used 5361K, committed 5568K, reserved 1048576K
}
Event: 18.498 GC heap before
{Heap before GC invocations=23 (full 0):
 garbage-first heap   total 132096K, used 51961K [0x00000000c0000000, 0x0000000100000000)
  region size 1024K, 7 young (7168K), 6 survivors (6144K)
 Metaspace       used 42598K, committed 43072K, reserved 1089536K
  class space    used 5361K, committed 5568K, reserved 1048576K
}
Event: 18.524 GC heap after
{Heap after GC invocations=24 (full 0):
 garbage-first heap   total 132096K, used 51470K [0x00000000c0000000, 0x0000000100000000)
  region size 1024K, 1 young (1024K), 1 survivors (1024K)
 Metaspace       used 42598K, committed 43072K, reserved 1089536K
  class space    used 5361K, committed 5568K, reserved 1048576K
}
Event: 19.267 GC heap before
{Heap before GC invocations=24 (full 0):
 garbage-first heap   total 132096K, used 89358K [0x00000000c0000000, 0x0000000100000000)
  region size 1024K, 39 young (39936K), 1 survivors (1024K)
 Metaspace       used 44489K, committed 44928K, reserved 1089536K
  class space    used 5501K, committed 5696K, reserved 1048576K
}
Event: 19.284 GC heap after
{Heap after GC invocations=25 (full 0):
 garbage-first heap   total 132096K, used 60153K [0x00000000c0000000, 0x0000000100000000)
  region size 1024K, 5 young (5120K), 5 survivors (5120K)
 Metaspace       used 44489K, committed 44928K, reserved 1089536K
  class space    used 5501K, committed 5696K, reserved 1048576K
}
Event: 19.687 GC heap before
{Heap before GC invocations=25 (full 0):
 garbage-first heap   total 132096K, used 93945K [0x00000000c0000000, 0x0000000100000000)
  region size 1024K, 38 young (38912K), 5 survivors (5120K)
 Metaspace       used 44660K, committed 45120K, reserved 1089536K
  class space    used 5535K, committed 5760K, reserved 1048576K
}
Event: 19.721 GC heap after
{Heap after GC invocations=26 (full 0):
 garbage-first heap   total 132096K, used 76969K [0x00000000c0000000, 0x0000000100000000)
  region size 1024K, 5 young (5120K), 5 survivors (5120K)
 Metaspace       used 44660K, committed 45120K, reserved 1089536K
  class space    used 5535K, committed 5760K, reserved 1048576K
}
Event: 19.735 GC heap before
{Heap before GC invocations=26 (full 0):
 garbage-first heap   total 132096K, used 77993K [0x00000000c0000000, 0x0000000100000000)
  region size 1024K, 7 young (7168K), 5 survivors (5120K)
 Metaspace       used 44660K, committed 45120K, reserved 1089536K
  class space    used 5535K, committed 5760K, reserved 1048576K
}

