# JRE version: OpenJDK Runtime Environment Temurin-17.0.6+10 (17.0.6+10) (build 17.0.6+10)
# Java VM: OpenJDK 64-Bit Server VM Temurin-17.0.6+10 (17.0.6+10, mixed mode, emulated-client, tiered, compressed oops, compressed class ptrs, g1 gc, windows-amd64)
GC Precious Log:
 CPUs: 4 total, 4 available
 Memory: 4012M
 Large Page Support: Disabled
 NUMA Support: Disabled
 Compressed Oops: Enabled (32-bit)
 Heap Region Size: 1M
 Heap Min Capacity: 8M
 Heap Initial Capacity: 64M
 Heap Max Capacity: 1G
 Pre-touch: Disabled
 Parallel Workers: 4
 Concurrent Workers: 1
 Concurrent Refinement Workers: 4
 Periodic GC: Disabled
Heap:
 garbage-first heap   total 163840K, used 87371K [0x00000000c0000000, 0x0000000100000000)
  region size 1024K, 3 young (3072K), 3 survivors (3072K)
 Metaspace       used 47083K, committed 47552K, reserved 1097728K
  class space    used 5980K, committed 6208K, reserved 1048576K
GC Heap History (20 events):
Event: 14.762 GC heap after
{Heap after GC invocations=16 (full 0):
 garbage-first heap   total 65536K, used 34949K [0x00000000c0000000, 0x0000000100000000)
  region size 1024K, 2 young (2048K), 2 survivors (2048K)
 Metaspace       used 42480K, committed 42880K, reserved 1089536K
  class space    used 5367K, committed 5568K, reserved 1048576K
}
Event: 14.772 GC heap before
{Heap before GC invocations=16 (full 0):
 garbage-first heap   total 65536K, used 35973K [0x00000000c0000000, 0x0000000100000000)
  region size 1024K, 3 young (3072K), 2 survivors (2048K)
 Metaspace       used 42480K, committed 42880K, reserved 1089536K
  class space    used 5367K, committed 5568K, reserved 1048576K
}
Event: 14.778 GC heap after
{Heap after GC invocations=17 (full 0):
 garbage-first heap   total 79872K, used 34974K [0x00000000c0000000, 0x0000000100000000)
  region size 1024K, 1 young (1024K), 1 survivors (1024K)
 Metaspace       used 42480K, committed 42880K, reserved 1089536K
  class space    used 5367K, committed 5568K, reserved 1048576K
}
Event: 14.882 GC heap before
{Heap before GC invocations=17 (full 0):
 garbage-first heap   total 79872K, used 42142K [0x00000000c0000000, 0x0000000100000000)
  region size 1024K, 8 young (8192K), 1 survivors (1024K)
 Metaspace       used 42542K, committed 43008K, reserved 1089536K
  class space    used 5379K, committed 5568K, reserved 1048576K
}
Event: 14.887 GC heap after
{Heap after GC invocations=18 (full 0):
 garbage-first heap   total 79872K, used 37006K [0x00000000c0000000, 0x0000000100000000)
  region size 1024K, 2 young (2048K), 2 survivors (2048K)
 Metaspace       used 42542K, committed 43008K, reserved 1089536K
  class space    used 5379K, committed 5568K, reserved 1048576K
}
Event: 15.186 GC heap before
{Heap before GC invocations=18 (full 0):
 garbage-first heap   total 79872K, used 58510K [0x00000000c0000000, 0x0000000100000000)
  region size 1024K, 23 young (23552K), 2 survivors (2048K)
 Metaspace       used 42854K, committed 43328K, reserved 1089536K
  class space    used 5423K, committed 5696K, reserved 1048576K
}
Event: 15.198 GC heap after
{Heap after GC invocations=19 (full 0):
 garbage-first heap   total 79872K, used 41409K [0x00000000c0000000, 0x0000000100000000)
  region size 1024K, 3 young (3072K), 3 survivors (3072K)
 Metaspace       used 42854K, committed 43328K, reserved 1089536K
  class space    used 5423K, committed 5696K, reserved 1048576K
}
Event: 15.324 GC heap before
{Heap before GC invocations=19 (full 0):
 garbage-first heap   total 79872K, used 59841K [0x00000000c0000000, 0x0000000100000000)
  region size 1024K, 21 young (21504K), 3 survivors (3072K)
 Metaspace       used 42962K, committed 43520K, reserved 1089536K
  class space    used 5441K, committed 5696K, reserved 1048576K
}
Event: 15.333 GC heap after
{Heap after GC invocations=20 (full 0):
 garbage-first heap   total 79872K, used 44893K [0x00000000c0000000, 0x0000000100000000)
  region size 1024K, 3 young (3072K), 3 survivors (3072K)
 Metaspace       used 42962K, committed 43520K, reserved 1089536K
  class space    used 5441K, committed 5696K, reserved 1048576K
}
Event: 15.440 GC heap before
{Heap before GC invocations=20 (full 0):
 garbage-first heap   total 79872K, used 61277K [0x00000000c0000000, 0x0000000100000000)
  region size 1024K, 20 young (20480K), 3 survivors (3072K)
 Metaspace       used 43012K, committed 43584K, reserved 1089536K
  class space    used 5451K, committed 5696K, reserved 1048576K
}
Event: 15.451 GC heap after
{Heap after GC invocations=21 (full 0):
 garbage-first heap   total 163840K, used 48703K [0x00000000c0000000, 0x0000000100000000)
  region size 1024K, 3 young (3072K), 3 survivors (3072K)
 Metaspace       used 43012K, committed 43584K, reserved 1089536K
  class space    used 5451K, committed 5696K, reserved 1048576K
}
Event: 16.451 GC heap before
{Heap before GC invocations=22 (full 0):
 garbage-first heap   total 163840K, used 107071K [0x00000000c0000000, 0x0000000100000000)
  region size 1024K, 61 young (62464K), 3 survivors (3072K)
 Metaspace       used 44558K, committed 44992K, reserved 1089536K
  class space    used 5665K, committed 5888K, reserved 1048576K
}
Event: 16.478 GC heap after
{Heap after GC invocations=23 (full 0):
 garbage-first heap   total 163840K, used 62282K [0x00000000c0000000, 0x0000000100000000)
  region size 1024K, 8 young (8192K), 8 survivors (8192K)
 Metaspace       used 44558K, committed 44992K, reserved 1089536K
  class space    used 5665K, committed 5888K, reserved 1048576K
}
Event: 16.520 GC heap before
{Heap before GC invocations=23 (full 0):
 garbage-first heap   total 163840K, used 63306K [0x00000000c0000000, 0x0000000100000000)
  region size 1024K, 9 young (9216K), 8 survivors (8192K)
 Metaspace       used 44741K, committed 45248K, reserved 1089536K
  class space    used 5693K, committed 5952K, reserved 1048576K
}
Event: 16.533 GC heap after
{Heap after GC invocations=24 (full 0):
 garbage-first heap   total 163840K, used 63802K [0x00000000c0000000, 0x0000000100000000)
  region size 1024K, 2 young (2048K), 2 survivors (2048K)
 Metaspace       used 44741K, committed 45248K, reserved 1089536K
  class space    used 5693K, committed 5952K, reserved 1048576K
}
Event: 17.013 GC heap before
{Heap before GC invocations=24 (full 0):
 garbage-first heap   total 163840K, used 110906K [0x00000000c0000000, 0x0000000100000000)
  region size 1024K, 46 young (47104K), 2 survivors (2048K)
 Metaspace       used 46611K, committed 47104K, reserved 1097728K
  class space    used 5917K, committed 6144K, reserved 1048576K
}
Event: 17.059 GC heap after
{Heap after GC invocations=25 (full 0):
 garbage-first heap   total 163840K, used 83324K [0x00000000c0000000, 0x0000000100000000)
  region size 1024K, 6 young (6144K), 6 survivors (6144K)
 Metaspace       used 46611K, committed 47104K, reserved 1097728K
  class space    used 5917K, committed 6144K, reserved 1048576K
}
Event: 17.126 GC heap before
{Heap before GC invocations=25 (full 0):
 garbage-first heap   total 163840K, used 113020K [0x00000000c0000000, 0x0000000100000000)
  region size 1024K, 36 young (36864K), 6 survivors (6144K)
 Metaspace       used 46616K, committed 47104K, reserved 1097728K
  class space    used 5918K, committed 6144K, reserved 1048576K
}
Event: 17.160 GC heap after
{Heap after GC invocations=26 (full 0):
 garbage-first heap   total 163840K, used 86233K [0x00000000c0000000, 0x0000000100000000)
  region size 1024K, 2 young (2048K), 2 survivors (2048K)
 Metaspace       used 46616K, committed 47104K, reserved 1097728K
  class space    used 5918K, committed 6144K, reserved 1048576K
}
Event: 17.259 GC heap before
{Heap before GC invocations=26 (full 0):
 garbage-first heap   total 163840K, used 117977K [0x00000000c0000000, 0x0000000100000000)
  region size 1024K, 34 young (34816K), 2 survivors (2048K)
 Metaspace       used 47083K, committed 47552K, reserved 1097728K
  class space    used 5980K, committed 6208K, reserved 1048576K
}

