# JRE version: OpenJDK Runtime Environment Temurin-17.0.6+10 (17.0.6+10) (build 17.0.6+10)
# Java VM: OpenJDK 64-Bit Server VM Temurin-17.0.6+10 (17.0.6+10, mixed mode, emulated-client, tiered, compressed oops, compressed class ptrs, g1 gc, windows-amd64)
GC Precious Log:
 CPUs: 4 total, 4 available
 Memory: 4012M
 Large Page Support: Disabled
 NUMA Support: Disabled
 Compressed Oops: Enabled (32-bit)
 Heap Region Size: 1M
 Heap Min Capacity: 8M
 Heap Initial Capacity: 64M
 Heap Max Capacity: 1G
 Pre-touch: Disabled
 Parallel Workers: 4
 Concurrent Workers: 1
 Concurrent Refinement Workers: 4
 Periodic GC: Disabled
Heap:
 garbage-first heap   total 149504K, used 91648K [0x00000000c0000000, 0x0000000100000000)
  region size 1024K, 2 young (2048K), 2 survivors (2048K)
 Metaspace       used 50217K, committed 50752K, reserved 1097728K
  class space    used 6139K, committed 6400K, reserved 1048576K
GC Heap History (20 events):
Event: 8.450 GC heap after
{Heap after GC invocations=9 (full 0):
 garbage-first heap   total 74752K, used 19770K [0x00000000c0000000, 0x0000000100000000)
  region size 1024K, 5 young (5120K), 5 survivors (5120K)
 Metaspace       used 33917K, committed 34304K, reserved 1081344K
  class space    used 4100K, committed 4288K, reserved 1048576K
}
Event: 8.897 GC heap before
{Heap before GC invocations=9 (full 0):
 garbage-first heap   total 74752K, used 28986K [0x00000000c0000000, 0x0000000100000000)
  region size 1024K, 15 young (15360K), 5 survivors (5120K)
 Metaspace       used 35842K, committed 36160K, reserved 1081344K
  class space    used 4343K, committed 4480K, reserved 1048576K
}
Event: 8.912 GC heap after
{Heap after GC invocations=10 (full 0):
 garbage-first heap   total 74752K, used 20529K [0x00000000c0000000, 0x0000000100000000)
  region size 1024K, 1 young (1024K), 1 survivors (1024K)
 Metaspace       used 35842K, committed 36160K, reserved 1081344K
  class space    used 4343K, committed 4480K, reserved 1048576K
}
Event: 10.049 GC heap before
{Heap before GC invocations=11 (full 0):
 garbage-first heap   total 74752K, used 52273K [0x00000000c0000000, 0x0000000100000000)
  region size 1024K, 33 young (33792K), 1 survivors (1024K)
 Metaspace       used 40854K, committed 41280K, reserved 1089536K
  class space    used 5138K, committed 5312K, reserved 1048576K
}
Event: 10.063 GC heap after
{Heap after GC invocations=12 (full 0):
 garbage-first heap   total 74752K, used 22790K [0x00000000c0000000, 0x0000000100000000)
  region size 1024K, 4 young (4096K), 4 survivors (4096K)
 Metaspace       used 40854K, committed 41280K, reserved 1089536K
  class space    used 5138K, committed 5312K, reserved 1048576K
}
Event: 10.083 GC heap before
{Heap before GC invocations=12 (full 0):
 garbage-first heap   total 74752K, used 23814K [0x00000000c0000000, 0x0000000100000000)
  region size 1024K, 5 young (5120K), 4 survivors (4096K)
 Metaspace       used 40876K, committed 41280K, reserved 1089536K
  class space    used 5142K, committed 5312K, reserved 1048576K
}
Event: 10.096 GC heap after
{Heap after GC invocations=13 (full 0):
 garbage-first heap   total 74752K, used 23150K [0x00000000c0000000, 0x0000000100000000)
  region size 1024K, 1 young (1024K), 1 survivors (1024K)
 Metaspace       used 40876K, committed 41280K, reserved 1089536K
  class space    used 5142K, committed 5312K, reserved 1048576K
}
Event: 10.556 GC heap before
{Heap before GC invocations=13 (full 0):
 garbage-first heap   total 74752K, used 53870K [0x00000000c0000000, 0x0000000100000000)
  region size 1024K, 32 young (32768K), 1 survivors (1024K)
 Metaspace       used 40876K, committed 41280K, reserved 1089536K
  class space    used 5142K, committed 5312K, reserved 1048576K
}
Event: 10.564 GC heap after
{Heap after GC invocations=14 (full 0):
 garbage-first heap   total 74752K, used 29848K [0x00000000c0000000, 0x0000000100000000)
  region size 1024K, 4 young (4096K), 4 survivors (4096K)
 Metaspace       used 40876K, committed 41280K, reserved 1089536K
  class space    used 5142K, committed 5312K, reserved 1048576K
}
Event: 11.095 GC heap before
{Heap before GC invocations=14 (full 0):
 garbage-first heap   total 74752K, used 55448K [0x00000000c0000000, 0x0000000100000000)
  region size 1024K, 28 young (28672K), 4 survivors (4096K)
 Metaspace       used 41048K, committed 41472K, reserved 1089536K
  class space    used 5176K, committed 5376K, reserved 1048576K
}
Event: 11.108 GC heap after
{Heap after GC invocations=15 (full 0):
 garbage-first heap   total 74752K, used 36465K [0x00000000c0000000, 0x0000000100000000)
  region size 1024K, 4 young (4096K), 4 survivors (4096K)
 Metaspace       used 41048K, committed 41472K, reserved 1089536K
  class space    used 5176K, committed 5376K, reserved 1048576K
}
Event: 11.412 GC heap before
{Heap before GC invocations=15 (full 0):
 garbage-first heap   total 74752K, used 55921K [0x00000000c0000000, 0x0000000100000000)
  region size 1024K, 23 young (23552K), 4 survivors (4096K)
 Metaspace       used 41520K, committed 42048K, reserved 1089536K
  class space    used 5245K, committed 5504K, reserved 1048576K
}
Event: 11.436 GC heap after
{Heap after GC invocations=16 (full 0):
 garbage-first heap   total 149504K, used 40193K [0x00000000c0000000, 0x0000000100000000)
  region size 1024K, 3 young (3072K), 3 survivors (3072K)
 Metaspace       used 41520K, committed 42048K, reserved 1089536K
  class space    used 5245K, committed 5504K, reserved 1048576K
}
Event: 11.969 GC heap before
{Heap before GC invocations=16 (full 0):
 garbage-first heap   total 149504K, used 100609K [0x00000000c0000000, 0x0000000100000000)
  region size 1024K, 63 young (64512K), 3 survivors (3072K)
 Metaspace       used 42936K, committed 43456K, reserved 1089536K
  class space    used 5389K, committed 5632K, reserved 1048576K
}
Event: 11.991 GC heap after
{Heap after GC invocations=17 (full 0):
 garbage-first heap   total 149504K, used 50176K [0x00000000c0000000, 0x0000000100000000)
  region size 1024K, 8 young (8192K), 8 survivors (8192K)
 Metaspace       used 42936K, committed 43456K, reserved 1089536K
  class space    used 5389K, committed 5632K, reserved 1048576K
}
Event: 13.085 GC heap before
{Heap before GC invocations=17 (full 0):
 garbage-first heap   total 149504K, used 103424K [0x00000000c0000000, 0x0000000100000000)
  region size 1024K, 61 young (62464K), 8 survivors (8192K)
 Metaspace       used 47902K, committed 48384K, reserved 1097728K
  class space    used 5910K, committed 6144K, reserved 1048576K
}
Event: 13.120 GC heap after
{Heap after GC invocations=18 (full 0):
 garbage-first heap   total 149504K, used 63130K [0x00000000c0000000, 0x0000000100000000)
  region size 1024K, 8 young (8192K), 8 survivors (8192K)
 Metaspace       used 47902K, committed 48384K, reserved 1097728K
  class space    used 5910K, committed 6144K, reserved 1048576K
}
Event: 13.464 GC heap before
{Heap before GC invocations=18 (full 0):
 garbage-first heap   total 149504K, used 109210K [0x00000000c0000000, 0x0000000100000000)
  region size 1024K, 52 young (53248K), 8 survivors (8192K)
 Metaspace       used 49504K, committed 49984K, reserved 1097728K
  class space    used 6101K, committed 6336K, reserved 1048576K
}
Event: 13.527 GC heap after
{Heap after GC invocations=19 (full 0):
 garbage-first heap   total 149504K, used 88064K [0x00000000c0000000, 0x0000000100000000)
  region size 1024K, 7 young (7168K), 7 survivors (7168K)
 Metaspace       used 49504K, committed 49984K, reserved 1097728K
  class space    used 6101K, committed 6336K, reserved 1048576K
}
Event: 13.663 GC heap before
{Heap before GC invocations=19 (full 0):
 garbage-first heap   total 149504K, used 110592K [0x00000000c0000000, 0x0000000100000000)
  region size 1024K, 30 young (30720K), 7 survivors (7168K)
 Metaspace       used 50217K, committed 50752K, reserved 1097728K
  class space    used 6139K, committed 6400K, reserved 1048576K
}

