# JRE version: OpenJDK Runtime Environment Temurin-17.0.6+10 (17.0.6+10) (build 17.0.6+10)
# Java VM: OpenJDK 64-Bit Server VM Temurin-17.0.6+10 (17.0.6+10, mixed mode, emulated-client, tiered, compressed oops, compressed class ptrs, g1 gc, windows-amd64)
GC Precious Log:
 CPUs: 4 total, 4 available
 Memory: 4012M
 Large Page Support: Disabled
 NUMA Support: Disabled
 Compressed Oops: Enabled (32-bit)
 Heap Region Size: 1M
 Heap Min Capacity: 8M
 Heap Initial Capacity: 64M
 Heap Max Capacity: 1G
 Pre-touch: Disabled
 Parallel Workers: 4
 Concurrent Workers: 1
 Concurrent Refinement Workers: 4
 Periodic GC: Disabled
Heap:
 garbage-first heap   total 139264K, used 83373K [0x00000000c0000000, 0x0000000100000000)
  region size 1024K, 3 young (3072K), 3 survivors (3072K)
 Metaspace       used 44688K, committed 45120K, reserved 1089536K
  class space    used 5527K, committed 5696K, reserved 1048576K
GC Heap History (20 events):
Event: 12.246 GC heap after
{Heap after GC invocations=15 (full 0):
 garbage-first heap   total 61440K, used 31972K [0x00000000c0000000, 0x0000000100000000)
  region size 1024K, 3 young (3072K), 3 survivors (3072K)
 Metaspace       used 40878K, committed 41280K, reserved 1089536K
  class space    used 5141K, committed 5312K, reserved 1048576K
}
Event: 12.402 GC heap before
{Heap before GC invocations=15 (full 0):
 garbage-first heap   total 61440K, used 45284K [0x00000000c0000000, 0x0000000100000000)
  region size 1024K, 17 young (17408K), 3 survivors (3072K)
 Metaspace       used 40878K, committed 41280K, reserved 1089536K
  class space    used 5141K, committed 5312K, reserved 1048576K
}
Event: 12.409 GC heap after
{Heap after GC invocations=16 (full 0):
 garbage-first heap   total 61440K, used 34813K [0x00000000c0000000, 0x0000000100000000)
  region size 1024K, 3 young (3072K), 3 survivors (3072K)
 Metaspace       used 40878K, committed 41280K, reserved 1089536K
  class space    used 5141K, committed 5312K, reserved 1048576K
}
Event: 12.578 GC heap before
{Heap before GC invocations=17 (full 0):
 garbage-first heap   total 68608K, used 46077K [0x00000000c0000000, 0x0000000100000000)
  region size 1024K, 15 young (15360K), 3 survivors (3072K)
 Metaspace       used 40961K, committed 41344K, reserved 1089536K
  class space    used 5157K, committed 5312K, reserved 1048576K
}
Event: 12.586 GC heap after
{Heap after GC invocations=18 (full 0):
 garbage-first heap   total 68608K, used 36970K [0x00000000c0000000, 0x0000000100000000)
  region size 1024K, 2 young (2048K), 2 survivors (2048K)
 Metaspace       used 40961K, committed 41344K, reserved 1089536K
  class space    used 5157K, committed 5312K, reserved 1048576K
}
Event: 12.595 GC heap before
{Heap before GC invocations=18 (full 0):
 garbage-first heap   total 68608K, used 37994K [0x00000000c0000000, 0x0000000100000000)
  region size 1024K, 3 young (3072K), 2 survivors (2048K)
 Metaspace       used 40962K, committed 41344K, reserved 1089536K
  class space    used 5157K, committed 5312K, reserved 1048576K
}
Event: 12.599 GC heap after
{Heap after GC invocations=19 (full 0):
 garbage-first heap   total 68608K, used 37417K [0x00000000c0000000, 0x0000000100000000)
  region size 1024K, 1 young (1024K), 1 survivors (1024K)
 Metaspace       used 40962K, committed 41344K, reserved 1089536K
  class space    used 5157K, committed 5312K, reserved 1048576K
}
Event: 12.719 GC heap before
{Heap before GC invocations=19 (full 0):
 garbage-first heap   total 68608K, used 50729K [0x00000000c0000000, 0x0000000100000000)
  region size 1024K, 15 young (15360K), 1 survivors (1024K)
 Metaspace       used 40962K, committed 41344K, reserved 1089536K
  class space    used 5157K, committed 5312K, reserved 1048576K
}
Event: 12.726 GC heap after
{Heap after GC invocations=20 (full 0):
 garbage-first heap   total 139264K, used 39674K [0x00000000c0000000, 0x0000000100000000)
  region size 1024K, 2 young (2048K), 2 survivors (2048K)
 Metaspace       used 40962K, committed 41344K, reserved 1089536K
  class space    used 5157K, committed 5312K, reserved 1048576K
}
Event: 13.274 GC heap before
{Heap before GC invocations=21 (full 0):
 garbage-first heap   total 139264K, used 100090K [0x00000000c0000000, 0x0000000100000000)
  region size 1024K, 59 young (60416K), 2 survivors (2048K)
 Metaspace       used 41049K, committed 41536K, reserved 1089536K
  class space    used 5173K, committed 5376K, reserved 1048576K
}
Event: 13.342 GC heap after
{Heap after GC invocations=22 (full 0):
 garbage-first heap   total 139264K, used 55509K [0x00000000c0000000, 0x0000000100000000)
  region size 1024K, 8 young (8192K), 8 survivors (8192K)
 Metaspace       used 41049K, committed 41536K, reserved 1089536K
  class space    used 5173K, committed 5376K, reserved 1048576K
}
Event: 13.356 GC heap before
{Heap before GC invocations=22 (full 0):
 garbage-first heap   total 139264K, used 56533K [0x00000000c0000000, 0x0000000100000000)
  region size 1024K, 9 young (9216K), 8 survivors (8192K)
 Metaspace       used 41065K, committed 41536K, reserved 1089536K
  class space    used 5174K, committed 5376K, reserved 1048576K
}
Event: 13.382 GC heap after
{Heap after GC invocations=23 (full 0):
 garbage-first heap   total 139264K, used 56811K [0x00000000c0000000, 0x0000000100000000)
  region size 1024K, 2 young (2048K), 2 survivors (2048K)
 Metaspace       used 41065K, committed 41536K, reserved 1089536K
  class space    used 5174K, committed 5376K, reserved 1048576K
}
Event: 17.555 GC heap before
{Heap before GC invocations=23 (full 0):
 garbage-first heap   total 139264K, used 95723K [0x00000000c0000000, 0x0000000100000000)
  region size 1024K, 40 young (40960K), 2 survivors (2048K)
 Metaspace       used 43757K, committed 44224K, reserved 1089536K
  class space    used 5425K, committed 5632K, reserved 1048576K
}
Event: 17.584 GC heap after
{Heap after GC invocations=24 (full 0):
 garbage-first heap   total 139264K, used 63297K [0x00000000c0000000, 0x0000000100000000)
  region size 1024K, 5 young (5120K), 5 survivors (5120K)
 Metaspace       used 43757K, committed 44224K, reserved 1089536K
  class space    used 5425K, committed 5632K, reserved 1048576K
}
Event: 17.945 GC heap before
{Heap before GC invocations=24 (full 0):
 garbage-first heap   total 139264K, used 100161K [0x00000000c0000000, 0x0000000100000000)
  region size 1024K, 41 young (41984K), 5 survivors (5120K)
 Metaspace       used 44543K, committed 44992K, reserved 1089536K
  class space    used 5506K, committed 5696K, reserved 1048576K
}
Event: 17.998 GC heap after
{Heap after GC invocations=25 (full 0):
 garbage-first heap   total 139264K, used 80228K [0x00000000c0000000, 0x0000000100000000)
  region size 1024K, 6 young (6144K), 6 survivors (6144K)
 Metaspace       used 44543K, committed 44992K, reserved 1089536K
  class space    used 5506K, committed 5696K, reserved 1048576K
}
Event: 18.107 GC heap before
{Heap before GC invocations=25 (full 0):
 garbage-first heap   total 139264K, used 102756K [0x00000000c0000000, 0x0000000100000000)
  region size 1024K, 29 young (29696K), 6 survivors (6144K)
 Metaspace       used 44546K, committed 44992K, reserved 1089536K
  class space    used 5508K, committed 5696K, reserved 1048576K
}
Event: 18.118 GC heap after
{Heap after GC invocations=26 (full 0):
 garbage-first heap   total 139264K, used 82803K [0x00000000c0000000, 0x0000000100000000)
  region size 1024K, 2 young (2048K), 2 survivors (2048K)
 Metaspace       used 44546K, committed 44992K, reserved 1089536K
  class space    used 5508K, committed 5696K, reserved 1048576K
}
Event: 18.234 GC heap before
{Heap before GC invocations=26 (full 0):
 garbage-first heap   total 139264K, used 105331K [0x00000000c0000000, 0x0000000100000000)
  region size 1024K, 25 young (25600K), 2 survivors (2048K)
 Metaspace       used 44688K, committed 45120K, reserved 1089536K
  class space    used 5527K, committed 5696K, reserved 1048576K
}

