# JRE version: OpenJDK Runtime Environment Temurin-17.0.6+10 (17.0.6+10) (build 17.0.6+10)
# Java VM: OpenJDK 64-Bit Server VM Temurin-17.0.6+10 (17.0.6+10, mixed mode, emulated-client, tiered, compressed oops, compressed class ptrs, g1 gc, windows-amd64)
GC Precious Log:
 CPUs: 4 total, 4 available
 Memory: 4012M
 Large Page Support: Disabled
 NUMA Support: Disabled
 Compressed Oops: Enabled (32-bit)
 Heap Region Size: 1M
 Heap Min Capacity: 8M
 Heap Initial Capacity: 64M
 Heap Max Capacity: 1G
 Pre-touch: Disabled
 Parallel Workers: 4
 Concurrent Workers: 1
 Concurrent Refinement Workers: 4
 Periodic GC: Disabled
Heap:
 garbage-first heap   total 70656K, used 42092K [0x00000000c0000000, 0x0000000100000000)
  region size 1024K, 3 young (3072K), 3 survivors (3072K)
 Metaspace       used 41654K, committed 42112K, reserved 1089536K
  class space    used 5268K, committed 5504K, reserved 1048576K
GC Heap History (20 events):
Event: 8.116 GC heap after
{Heap after GC invocations=8 (full 0):
 garbage-first heap   total 58368K, used 18011K [0x00000000c0000000, 0x0000000100000000)
  region size 1024K, 3 young (3072K), 3 survivors (3072K)
 Metaspace       used 31412K, committed 31744K, reserved 1081344K
  class space    used 3742K, committed 3904K, reserved 1048576K
}
Event: 9.622 GC heap before
{Heap before GC invocations=8 (full 0):
 garbage-first heap   total 58368K, used 40539K [0x00000000c0000000, 0x0000000100000000)
  region size 1024K, 26 young (26624K), 3 survivors (3072K)
 Metaspace       used 34641K, committed 34944K, reserved 1081344K
  class space    used 4199K, committed 4352K, reserved 1048576K
}
Event: 9.639 GC heap after
{Heap after GC invocations=9 (full 0):
 garbage-first heap   total 58368K, used 20396K [0x00000000c0000000, 0x0000000100000000)
  region size 1024K, 4 young (4096K), 4 survivors (4096K)
 Metaspace       used 34641K, committed 34944K, reserved 1081344K
  class space    used 4199K, committed 4352K, reserved 1048576K
}
Event: 10.143 GC heap before
{Heap before GC invocations=9 (full 0):
 garbage-first heap   total 58368K, used 24492K [0x00000000c0000000, 0x0000000100000000)
  region size 1024K, 9 young (9216K), 4 survivors (4096K)
 Metaspace       used 35842K, committed 36160K, reserved 1081344K
  class space    used 4342K, committed 4480K, reserved 1048576K
}
Event: 10.158 GC heap after
{Heap after GC invocations=10 (full 0):
 garbage-first heap   total 58368K, used 20946K [0x00000000c0000000, 0x0000000100000000)
  region size 1024K, 1 young (1024K), 1 survivors (1024K)
 Metaspace       used 35842K, committed 36160K, reserved 1081344K
  class space    used 4342K, committed 4480K, reserved 1048576K
}
Event: 11.316 GC heap before
{Heap before GC invocations=11 (full 0):
 garbage-first heap   total 58368K, used 43474K [0x00000000c0000000, 0x0000000100000000)
  region size 1024K, 23 young (23552K), 1 survivors (1024K)
 Metaspace       used 39844K, committed 40192K, reserved 1089536K
  class space    used 4964K, committed 5120K, reserved 1048576K
}
Event: 11.322 GC heap after
{Heap after GC invocations=12 (full 0):
 garbage-first heap   total 58368K, used 22589K [0x00000000c0000000, 0x0000000100000000)
  region size 1024K, 3 young (3072K), 3 survivors (3072K)
 Metaspace       used 39844K, committed 40192K, reserved 1089536K
  class space    used 4964K, committed 5120K, reserved 1048576K
}
Event: 11.649 GC heap before
{Heap before GC invocations=12 (full 0):
 garbage-first heap   total 58368K, used 43069K [0x00000000c0000000, 0x0000000100000000)
  region size 1024K, 24 young (24576K), 3 survivors (3072K)
 Metaspace       used 40877K, committed 41280K, reserved 1089536K
  class space    used 5136K, committed 5312K, reserved 1048576K
}
Event: 11.658 GC heap after
{Heap after GC invocations=13 (full 0):
 garbage-first heap   total 58368K, used 26449K [0x00000000c0000000, 0x0000000100000000)
  region size 1024K, 3 young (3072K), 3 survivors (3072K)
 Metaspace       used 40877K, committed 41280K, reserved 1089536K
  class space    used 5136K, committed 5312K, reserved 1048576K
}
Event: 11.910 GC heap before
{Heap before GC invocations=13 (full 0):
 garbage-first heap   total 58368K, used 43857K [0x00000000c0000000, 0x0000000100000000)
  region size 1024K, 20 young (20480K), 3 survivors (3072K)
 Metaspace       used 40881K, committed 41280K, reserved 1089536K
  class space    used 5137K, committed 5312K, reserved 1048576K
}
Event: 11.919 GC heap after
{Heap after GC invocations=14 (full 0):
 garbage-first heap   total 58368K, used 29885K [0x00000000c0000000, 0x0000000100000000)
  region size 1024K, 3 young (3072K), 3 survivors (3072K)
 Metaspace       used 40881K, committed 41280K, reserved 1089536K
  class space    used 5137K, committed 5312K, reserved 1048576K
}
Event: 11.922 GC heap before
{Heap before GC invocations=14 (full 0):
 garbage-first heap   total 58368K, used 29885K [0x00000000c0000000, 0x0000000100000000)
  region size 1024K, 4 young (4096K), 3 survivors (3072K)
 Metaspace       used 40881K, committed 41280K, reserved 1089536K
  class space    used 5137K, committed 5312K, reserved 1048576K
}
Event: 11.926 GC heap after
{Heap after GC invocations=15 (full 0):
 garbage-first heap   total 70656K, used 30656K [0x00000000c0000000, 0x0000000100000000)
  region size 1024K, 1 young (1024K), 1 survivors (1024K)
 Metaspace       used 40881K, committed 41280K, reserved 1089536K
  class space    used 5137K, committed 5312K, reserved 1048576K
}
Event: 11.928 GC heap before
{Heap before GC invocations=15 (full 0):
 garbage-first heap   total 70656K, used 31680K [0x00000000c0000000, 0x0000000100000000)
  region size 1024K, 2 young (2048K), 1 survivors (1024K)
 Metaspace       used 40881K, committed 41280K, reserved 1089536K
  class space    used 5137K, committed 5312K, reserved 1048576K
}
Event: 11.929 GC heap after
{Heap after GC invocations=16 (full 0):
 garbage-first heap   total 70656K, used 31278K [0x00000000c0000000, 0x0000000100000000)
  region size 1024K, 1 young (1024K), 1 survivors (1024K)
 Metaspace       used 40881K, committed 41280K, reserved 1089536K
  class space    used 5137K, committed 5312K, reserved 1048576K
}
Event: 12.076 GC heap before
{Heap before GC invocations=16 (full 0):
 garbage-first heap   total 70656K, used 53806K [0x00000000c0000000, 0x0000000100000000)
  region size 1024K, 23 young (23552K), 1 survivors (1024K)
 Metaspace       used 41011K, committed 41408K, reserved 1089536K
  class space    used 5160K, committed 5312K, reserved 1048576K
}
Event: 12.083 GC heap after
{Heap after GC invocations=17 (full 0):
 garbage-first heap   total 70656K, used 36153K [0x00000000c0000000, 0x0000000100000000)
  region size 1024K, 3 young (3072K), 3 survivors (3072K)
 Metaspace       used 41011K, committed 41408K, reserved 1089536K
  class space    used 5160K, committed 5312K, reserved 1048576K
}
Event: 12.244 GC heap before
{Heap before GC invocations=17 (full 0):
 garbage-first heap   total 70656K, used 52537K [0x00000000c0000000, 0x0000000100000000)
  region size 1024K, 20 young (20480K), 3 survivors (3072K)
 Metaspace       used 41326K, committed 41792K, reserved 1089536K
  class space    used 5216K, committed 5440K, reserved 1048576K
}
Event: 12.254 GC heap after
{Heap after GC invocations=18 (full 0):
 garbage-first heap   total 70656K, used 39563K [0x00000000c0000000, 0x0000000100000000)
  region size 1024K, 3 young (3072K), 3 survivors (3072K)
 Metaspace       used 41326K, committed 41792K, reserved 1089536K
  class space    used 5216K, committed 5440K, reserved 1048576K
}
Event: 12.334 GC heap before
{Heap before GC invocations=18 (full 0):
 garbage-first heap   total 70656K, used 53899K [0x00000000c0000000, 0x0000000100000000)
  region size 1024K, 18 young (18432K), 3 survivors (3072K)
 Metaspace       used 41654K, committed 42112K, reserved 1089536K
  class space    used 5268K, committed 5504K, reserved 1048576K
}

