# JRE version: OpenJDK Runtime Environment Temurin-17.0.6+10 (17.0.6+10) (build 17.0.6+10)
# Java VM: OpenJDK 64-Bit Server VM Temurin-17.0.6+10 (17.0.6+10, mixed mode, emulated-client, tiered, compressed oops, compressed class ptrs, g1 gc, windows-amd64)
GC Precious Log:
 CPUs: 4 total, 4 available
 Memory: 4012M
 Large Page Support: Disabled
 NUMA Support: Disabled
 Compressed Oops: Enabled (32-bit)
 Heap Region Size: 1M
 Heap Min Capacity: 8M
 Heap Initial Capacity: 64M
 Heap Max Capacity: 1G
 Pre-touch: Disabled
 Parallel Workers: 4
 Concurrent Workers: 1
 Concurrent Refinement Workers: 4
 Periodic GC: Disabled
Heap:
 garbage-first heap   total 152576K, used 78565K [0x00000000c0000000, 0x0000000100000000)
  region size 1024K, 1 young (1024K), 1 survivors (1024K)
 Metaspace       used 41130K, committed 41536K, reserved 1089536K
  class space    used 5175K, committed 5312K, reserved 1048576K
GC Heap History (20 events):
Event: 10.845 GC heap after
{Heap after GC invocations=17 (full 0):
 garbage-first heap   total 77824K, used 32591K [0x00000000c0000000, 0x0000000100000000)
  region size 1024K, 4 young (4096K), 4 survivors (4096K)
 Metaspace       used 40661K, committed 41024K, reserved 1089536K
  class space    used 5100K, committed 5248K, reserved 1048576K
}
Event: 11.087 GC heap before
{Heap before GC invocations=17 (full 0):
 garbage-first heap   total 77824K, used 57167K [0x00000000c0000000, 0x0000000100000000)
  region size 1024K, 28 young (28672K), 4 survivors (4096K)
 Metaspace       used 40739K, committed 41088K, reserved 1089536K
  class space    used 5116K, committed 5248K, reserved 1048576K
}
Event: 11.097 GC heap after
{Heap after GC invocations=18 (full 0):
 garbage-first heap   total 77824K, used 37445K [0x00000000c0000000, 0x0000000100000000)
  region size 1024K, 4 young (4096K), 4 survivors (4096K)
 Metaspace       used 40739K, committed 41088K, reserved 1089536K
  class space    used 5116K, committed 5248K, reserved 1048576K
}
Event: 11.229 GC heap before
{Heap before GC invocations=18 (full 0):
 garbage-first heap   total 77824K, used 57925K [0x00000000c0000000, 0x0000000100000000)
  region size 1024K, 25 young (25600K), 4 survivors (4096K)
 Metaspace       used 40741K, committed 41088K, reserved 1089536K
  class space    used 5117K, committed 5248K, reserved 1048576K
}
Event: 11.237 GC heap after
{Heap after GC invocations=19 (full 0):
 garbage-first heap   total 77824K, used 41620K [0x00000000c0000000, 0x0000000100000000)
  region size 1024K, 4 young (4096K), 4 survivors (4096K)
 Metaspace       used 40741K, committed 41088K, reserved 1089536K
  class space    used 5117K, committed 5248K, reserved 1048576K
}
Event: 11.339 GC heap before
{Heap before GC invocations=19 (full 0):
 garbage-first heap   total 77824K, used 60052K [0x00000000c0000000, 0x0000000100000000)
  region size 1024K, 22 young (22528K), 4 survivors (4096K)
 Metaspace       used 40741K, committed 41088K, reserved 1089536K
  class space    used 5117K, committed 5248K, reserved 1048576K
}
Event: 11.353 GC heap after
{Heap after GC invocations=20 (full 0):
 garbage-first heap   total 77824K, used 45131K [0x00000000c0000000, 0x0000000100000000)
  region size 1024K, 3 young (3072K), 3 survivors (3072K)
 Metaspace       used 40741K, committed 41088K, reserved 1089536K
  class space    used 5117K, committed 5248K, reserved 1048576K
}
Event: 11.510 GC heap before
{Heap before GC invocations=20 (full 0):
 garbage-first heap   total 99328K, used 60491K [0x00000000c0000000, 0x0000000100000000)
  region size 1024K, 18 young (18432K), 3 survivors (3072K)
 Metaspace       used 40742K, committed 41088K, reserved 1089536K
  class space    used 5117K, committed 5248K, reserved 1048576K
}
Event: 11.527 GC heap after
{Heap after GC invocations=21 (full 0):
 garbage-first heap   total 133120K, used 50620K [0x00000000c0000000, 0x0000000100000000)
  region size 1024K, 3 young (3072K), 3 survivors (3072K)
 Metaspace       used 40742K, committed 41088K, reserved 1089536K
  class space    used 5117K, committed 5248K, reserved 1048576K
}
Event: 12.695 GC heap before
{Heap before GC invocations=22 (full 0):
 garbage-first heap   total 133120K, used 92604K [0x00000000c0000000, 0x0000000100000000)
  region size 1024K, 44 young (45056K), 3 survivors (3072K)
 Metaspace       used 40929K, committed 41344K, reserved 1089536K
  class space    used 5152K, committed 5312K, reserved 1048576K
}
Event: 12.722 GC heap after
{Heap after GC invocations=23 (full 0):
 garbage-first heap   total 133120K, used 64321K [0x00000000c0000000, 0x0000000100000000)
  region size 1024K, 6 young (6144K), 6 survivors (6144K)
 Metaspace       used 40929K, committed 41344K, reserved 1089536K
  class space    used 5152K, committed 5312K, reserved 1048576K
}
Event: 12.727 GC heap before
{Heap before GC invocations=23 (full 0):
 garbage-first heap   total 133120K, used 65345K [0x00000000c0000000, 0x0000000100000000)
  region size 1024K, 7 young (7168K), 6 survivors (6144K)
 Metaspace       used 40929K, committed 41344K, reserved 1089536K
  class space    used 5152K, committed 5312K, reserved 1048576K
}
Event: 12.740 GC heap after
{Heap after GC invocations=24 (full 0):
 garbage-first heap   total 133120K, used 65406K [0x00000000c0000000, 0x0000000100000000)
  region size 1024K, 1 young (1024K), 1 survivors (1024K)
 Metaspace       used 40929K, committed 41344K, reserved 1089536K
  class space    used 5152K, committed 5312K, reserved 1048576K
}
Event: 12.791 GC heap before
{Heap before GC invocations=24 (full 0):
 garbage-first heap   total 133120K, used 72574K [0x00000000c0000000, 0x0000000100000000)
  region size 1024K, 10 young (10240K), 1 survivors (1024K)
 Metaspace       used 40929K, committed 41344K, reserved 1089536K
  class space    used 5152K, committed 5312K, reserved 1048576K
}
Event: 12.802 GC heap after
{Heap after GC invocations=25 (full 0):
 garbage-first heap   total 133120K, used 69845K [0x00000000c0000000, 0x0000000100000000)
  region size 1024K, 4 young (4096K), 4 survivors (4096K)
 Metaspace       used 40929K, committed 41344K, reserved 1089536K
  class space    used 5152K, committed 5312K, reserved 1048576K
}
Event: 13.054 GC heap before
{Heap before GC invocations=25 (full 0):
 garbage-first heap   total 152576K, used 98517K [0x00000000c0000000, 0x0000000100000000)
  region size 1024K, 33 young (33792K), 4 survivors (4096K)
 Metaspace       used 41019K, committed 41408K, reserved 1089536K
  class space    used 5162K, committed 5312K, reserved 1048576K
}
Event: 13.089 GC heap after
{Heap after GC invocations=26 (full 0):
 garbage-first heap   total 152576K, used 77043K [0x00000000c0000000, 0x0000000100000000)
  region size 1024K, 5 young (5120K), 5 survivors (5120K)
 Metaspace       used 41019K, committed 41408K, reserved 1089536K
  class space    used 5162K, committed 5312K, reserved 1048576K
}
Event: 13.192 GC heap before
{Heap before GC invocations=27 (full 0):
 garbage-first heap   total 152576K, used 109811K [0x00000000c0000000, 0x0000000100000000)
  region size 1024K, 38 young (38912K), 5 survivors (5120K)
 Metaspace       used 41130K, committed 41536K, reserved 1089536K
  class space    used 5175K, committed 5312K, reserved 1048576K
}
Event: 13.201 GC heap after
{Heap after GC invocations=28 (full 0):
 garbage-first heap   total 152576K, used 79573K [0x00000000c0000000, 0x0000000100000000)
  region size 1024K, 2 young (2048K), 2 survivors (2048K)
 Metaspace       used 41130K, committed 41536K, reserved 1089536K
  class space    used 5175K, committed 5312K, reserved 1048576K
}
Event: 13.222 GC heap before
{Heap before GC invocations=28 (full 0):
 garbage-first heap   total 152576K, used 83669K [0x00000000c0000000, 0x0000000100000000)
  region size 1024K, 7 young (7168K), 2 survivors (2048K)
 Metaspace       used 41130K, committed 41536K, reserved 1089536K
  class space    used 5175K, committed 5312K, reserved 1048576K
}

